Copyright 1986-2022 Xilinx, Inc. All Rights Reserved. Copyright 2022-2023 Advanced Micro Devices, Inc. All Rights Reserved.
---------------------------------------------------------------------------------------------------------------------------------------------
| Tool Version : Vivado v.2023.2 (win64) Build 4029153 Fri Oct 13 20:14:34 MDT 2023
| Date         : Sun Nov 30 21:53:29 2025
| Host         : BRAXTON_XL running 64-bit major release  (build 9200)
| Command      : report_control_sets -verbose -file topLevel_control_sets_placed.rpt
| Design       : topLevel
| Device       : xc7a35t
---------------------------------------------------------------------------------------------------------------------------------------------

Control Set Information

Table of Contents
-----------------
1. Summary
2. Histogram
3. Flip-Flop Distribution
4. Detailed Control Set Information

1. Summary
----------

+----------------------------------------------------------+-------+
|                          Status                          | Count |
+----------------------------------------------------------+-------+
| Total control sets                                       |    83 |
|    Minimum number of control sets                        |    83 |
|    Addition due to synthesis replication                 |     0 |
|    Addition due to physical synthesis replication        |     0 |
| Unused register locations in slices containing registers |   319 |
+----------------------------------------------------------+-------+
* Control sets can be merged at opt_design using control_set_merge or merge_equivalent_drivers
** Run report_qor_suggestions for automated merging and remapping suggestions


2. Histogram
------------

+--------------------+-------+
|       Fanout       | Count |
+--------------------+-------+
| Total control sets |    83 |
| >= 0 to < 4        |     2 |
| >= 4 to < 6        |    73 |
| >= 6 to < 8        |     0 |
| >= 8 to < 10       |     0 |
| >= 10 to < 12      |     0 |
| >= 12 to < 14      |     0 |
| >= 14 to < 16      |     6 |
| >= 16              |     2 |
+--------------------+-------+
* Control sets can be remapped at either synth_design or opt_design


3. Flip-Flop Distribution
-------------------------

+--------------+-----------------------+------------------------+-----------------+--------------+
| Clock Enable | Synchronous Set/Reset | Asynchronous Set/Reset | Total Registers | Total Slices |
+--------------+-----------------------+------------------------+-----------------+--------------+
| No           | No                    | No                     |              93 |           34 |
| No           | No                    | Yes                    |               0 |            0 |
| No           | Yes                   | No                     |               0 |            0 |
| Yes          | No                    | No                     |             404 |          155 |
| Yes          | No                    | Yes                    |               0 |            0 |
| Yes          | Yes                   | No                     |               0 |            0 |
+--------------+-----------------------+------------------------+-----------------+--------------+


4. Detailed Control Set Information
-----------------------------------

+------------------------------+-----------------------------------------+------------------+------------------+----------------+--------------+
|         Clock Signal         |              Enable Signal              | Set/Reset Signal | Slice Load Count | Bel Load Count | Bels / Slice |
+------------------------------+-----------------------------------------+------------------+------------------+----------------+--------------+
|  not_so_slow/slowclk/clk_out | flickerer/a/ff0_1                       |                  |                1 |              1 |         1.00 |
|  not_so_slow/slowclk/clk_out | Sys/lives_counter/a/Q12FF[1]_1          |                  |                1 |              3 |         3.00 |
|  not_so_slow/slowclk/clk_out | frame_counter/b/ff1_0                   |                  |                2 |              4 |         2.00 |
|  not_so_slow/slowclk/clk_out | positron/XB_delayer/a/ff2_2             |                  |                1 |              4 |         4.00 |
|  not_so_slow/slowclk/clk_out | positron/YA_yer/a/update                |                  |                2 |              4 |         2.00 |
|  not_so_slow/slowclk/clk_out | positron/YA_yer/c/update                |                  |                2 |              4 |         2.00 |
|  not_so_slow/slowclk/clk_out | positron/YA_yer/d/update                |                  |                1 |              4 |         4.00 |
|  not_so_slow/slowclk/clk_out | positron/YA_yer/d/update_0              |                  |                1 |              4 |         4.00 |
|  not_so_slow/slowclk/clk_out | positron/YA_yer/d/ff2_0                 |                  |                1 |              4 |         4.00 |
|  not_so_slow/slowclk/clk_out | frame_counter/a/ff3_0                   |                  |                1 |              4 |         4.00 |
|  not_so_slow/slowclk/clk_out | frame_counter/c/ff1_0                   |                  |                1 |              4 |         4.00 |
|  not_so_slow/slowclk/clk_out | positron/YA_delayer/a/ff2_2             |                  |                1 |              4 |         4.00 |
|  not_so_slow/slowclk/clk_out | score_counter/a/update                  |                  |                1 |              4 |         4.00 |
|  not_so_slow/slowclk/clk_out | inc_scorer/inc_score_sync               |                  |                2 |              4 |         2.00 |
|  not_so_slow/slowclk/clk_out | inspector_gadget/ff_now_2               |                  |                2 |              4 |         2.00 |
|  not_so_slow/slowclk/clk_out | positron/XB_yer/d/update                |                  |                1 |              4 |         4.00 |
|  not_so_slow/slowclk/clk_out | inspector_gadget/ff_now_1               |                  |                2 |              4 |         2.00 |
|  not_so_slow/slowclk/clk_out | not_so_slow/slowclk/XLXI_38/I_36_31_n_0 |                  |                2 |              4 |         2.00 |
|  not_so_slow/slowclk/clk_out | not_so_slow/slowclk/XLXI_39/CEO         |                  |                2 |              4 |         2.00 |
|  not_so_slow/slowclk/clk_out | not_so_slow/slowclk/XLXI_40/CEO         |                  |                2 |              4 |         2.00 |
|  not_so_slow/slowclk/clk_out | not_so_slow/slowclk/XLXI_45/CEO         |                  |                1 |              4 |         4.00 |
|  not_so_slow/slowclk/clk_out | positron/XB_yer/d/update_0              |                  |                1 |              4 |         4.00 |
|  not_so_slow/slowclk/clk_out | positron/XA_delayer/c/update_0          |                  |                1 |              4 |         4.00 |
|  not_so_slow/slowclk/clk_out | positron/ZB_delayer/a/ff2_2             |                  |                2 |              4 |         2.00 |
|  not_so_slow/slowclk/clk_out | positron/ZB_yer/a/update                |                  |                1 |              4 |         4.00 |
|  not_so_slow/slowclk/clk_out | positron/ZB_yer/c/ff2_2                 |                  |                1 |              4 |         4.00 |
|  not_so_slow/slowclk/clk_out | positron/ZB_yer/d/ff2_1                 |                  |                2 |              4 |         2.00 |
|  not_so_slow/slowclk/clk_out | positron/ZB_yer/d/ff0_3                 |                  |                1 |              4 |         4.00 |
|  not_so_slow/slowclk/clk_out | positron/ZB_yer/d/ff2_2                 |                  |                1 |              4 |         4.00 |
|  not_so_slow/slowclk/clk_out | positron/frame_counter/a/ff0_1          |                  |                3 |              4 |         1.33 |
|  not_so_slow/slowclk/clk_out | positron/XB_yer/a/ff2_3                 |                  |                1 |              4 |         4.00 |
|  not_so_slow/slowclk/clk_out | positron/frame_counter/b/up_i02_out     |                  |                1 |              4 |         4.00 |
|  not_so_slow/slowclk/clk_out | positron/ZA_delayer/a/update            |                  |                2 |              4 |         2.00 |
|  not_so_slow/slowclk/clk_out | positron/frame_counter/c/ff0_2          |                  |                1 |              4 |         4.00 |
|  not_so_slow/slowclk/clk_out | positron/XA_yer/a/update                |                  |                2 |              4 |         2.00 |
|  not_so_slow/slowclk/clk_out | positron/XA_delayer/a/update            |                  |                2 |              4 |         2.00 |
|  not_so_slow/slowclk/clk_out | positron/YB_yer/a/ff2_2                 |                  |                1 |              4 |         4.00 |
|  not_so_slow/slowclk/clk_out | positron/YB_yer/c/ff2_2                 |                  |                1 |              4 |         4.00 |
|  not_so_slow/slowclk/clk_out | positron/YB_yer/d/ff2_1                 |                  |                1 |              4 |         4.00 |
|  not_so_slow/slowclk/clk_out | positron/YB_yer/d/update                |                  |                2 |              4 |         2.00 |
|  not_so_slow/slowclk/clk_out | positron/YB_yer/d/update_0              |                  |                1 |              4 |         4.00 |
|  not_so_slow/slowclk/clk_out | addy/col/b/update                       |                  |                2 |              4 |         2.00 |
|  not_so_slow/slowclk/clk_out | positron/ZA_delayer/c/update_0          |                  |                2 |              4 |         2.00 |
|  not_so_slow/slowclk/clk_out | positron/ZA_yer/a/update                |                  |                2 |              4 |         2.00 |
|  not_so_slow/slowclk/clk_out | positron/ZA_yer/d/ff2_0                 |                  |                2 |              4 |         2.00 |
|  not_so_slow/slowclk/clk_out | positron/ZA_yer/d/update                |                  |                1 |              4 |         4.00 |
|  not_so_slow/slowclk/clk_out | positron/ZA_yer/c/update                |                  |                3 |              4 |         1.33 |
|  not_so_slow/slowclk/clk_out | positron/YB_delayer/a/ff2_2             |                  |                1 |              4 |         4.00 |
|  not_so_slow/slowclk/clk_out | addy/row/b/ff1_3                        |                  |                3 |              4 |         1.33 |
|  not_so_slow/slowclk/clk_out | addy/col/a/update                       |                  |                3 |              4 |         1.33 |
|  not_so_slow/slowclk/clk_out | addy/col/c/update                       |                  |                1 |              4 |         4.00 |
|  not_so_slow/slowclk/clk_out | addy/col/c/update_0                     |                  |                1 |              4 |         4.00 |
|  not_so_slow/slowclk/clk_out | addy/row/a/ff0_1                        |                  |                2 |              4 |         2.00 |
|  not_so_slow/slowclk/clk_out | positron/XA/Q2FF_2                      |                  |                1 |              4 |         4.00 |
|  not_so_slow/slowclk/clk_out | positron/XA/Q1FF_2                      |                  |                2 |              4 |         2.00 |
|  not_so_slow/slowclk/clk_out | positron/YA/Q1FF_2                      |                  |                2 |              4 |         2.00 |
|  not_so_slow/slowclk/clk_out | positron/YA/Q2FF_2                      |                  |                2 |              4 |         2.00 |
|  not_so_slow/slowclk/clk_out | positron/YB/Q2FF_2                      |                  |                2 |              4 |         2.00 |
|  not_so_slow/slowclk/clk_out | positron/YB/Q1FF_2                      |                  |                2 |              4 |         2.00 |
|  not_so_slow/slowclk/clk_out | positron/ZA/Q1FF_2                      |                  |                3 |              4 |         1.33 |
|  not_so_slow/slowclk/clk_out | positron/ZA/Q2FF_2                      |                  |                2 |              4 |         2.00 |
|  not_so_slow/slowclk/clk_out | positron/ZB/Q1FF_2                      |                  |                2 |              4 |         2.00 |
|  not_so_slow/slowclk/clk_out | positron/ZB/Q2FF_2                      |                  |                2 |              4 |         2.00 |
|  not_so_slow/slowclk/clk_out | positron/XB/Q1FF_2                      |                  |                2 |              4 |         2.00 |
|  not_so_slow/slowclk/clk_out | positron/XB/Q2FF_2                      |                  |                2 |              4 |         2.00 |
|  not_so_slow/slowclk/clk_out | addy/row/c/ff2_1                        |                  |                3 |              4 |         1.33 |
|  not_so_slow/slowclk/clk_out | Sys/p_18_in                             |                  |                3 |              4 |         1.33 |
|  not_so_slow/slowclk/clk_out | Sys/lives_counter/a/Q12FF[1]            |                  |                2 |              4 |         2.00 |
|  not_so_slow/slowclk/clk_out | Sys/lives_counter/b/update              |                  |                2 |              4 |         2.00 |
|  not_so_slow/slowclk/clk_out | Sys/lives_counter/d/Q12FF[1]            |                  |                2 |              4 |         2.00 |
|  not_so_slow/slowclk/clk_out | positron/XB_yer/c/update                |                  |                2 |              4 |         2.00 |
|  not_so_slow/slowclk/clk_out | positron/XA_yer/c/update                |                  |                2 |              4 |         2.00 |
|  not_so_slow/slowclk/clk_out | positron/XB_yer/d/ff2_2                 |                  |                2 |              4 |         2.00 |
|  not_so_slow/slowclk/clk_out | positron/XA_yer/d/ff2_0                 |                  |                1 |              4 |         4.00 |
|  not_so_slow/slowclk/clk_out | positron/XA_yer/d/update                |                  |                2 |              4 |         2.00 |
|  not_so_slow/slowclk/clk_out | positron/YA_yer/a/YB_start              |                  |                4 |             14 |         3.50 |
|  not_so_slow/slowclk/clk_out | positron/XA_yer/a/XB_start              |                  |                3 |             14 |         4.67 |
|  not_so_slow/slowclk/clk_out | positron/frame_counter/c/ff1_0          |                  |                3 |             14 |         4.67 |
|  not_so_slow/slowclk/clk_out | positron/ZA_yer/c/ZB_start              |                  |                3 |             14 |         4.67 |
|  not_so_slow/slowclk/clk_out | positron/XB_yer/a/ff1_2                 |                  |                4 |             14 |         3.50 |
|  not_so_slow/slowclk/clk_out | positron/frame_counter/b/ZA_start       |                  |                3 |             14 |         4.67 |
|  not_so_slow/slowclk/clk_out | inspector_gadget/new_frame              |                  |                9 |             24 |         2.67 |
|  not_so_slow/slowclk/clk_out |                                         |                  |               34 |             93 |         2.74 |
+------------------------------+-----------------------------------------+------------------+------------------+----------------+--------------+


