#-----------------------------------------------------------
# Vivado v2023.2 (64-bit)
# SW Build 4029153 on Fri Oct 13 20:14:34 MDT 2023
# IP Build 4028589 on Sat Oct 14 00:45:43 MDT 2023
# SharedData Build 4025554 on Tue Oct 10 17:18:54 MDT 2023
# Start of session at: Sun Nov 30 20:01:46 2025
# Process ID: 22712
# Current directory: C:/Users/brade/OneDrive/Documents/Vivado/CSE 100/Lab 6
# Command line: vivado.exe -gui_launcher_event rodinguilauncherevent49100 C:\Users\brade\OneDrive\Documents\Vivado\CSE 100\Lab 6\Lab 6.xpr
# Log file: C:/Users/brade/OneDrive/Documents/Vivado/CSE 100/Lab 6/vivado.log
# Journal file: C:/Users/brade/OneDrive/Documents/Vivado/CSE 100/Lab 6\vivado.jou
# Running On: BRAXTON_XL, OS: Windows, CPU Frequency: 2611 MHz, CPU Physical cores: 10, Host memory: 16858 MB
#-----------------------------------------------------------
start_gui
open_project {C:/Users/brade/OneDrive/Documents/Vivado/CSE 100/Lab 6/Lab 6.xpr}
WARNING: [Board 49-26] cannot add Board Part xilinx.com:k24c:part0:1.0 available at C:/Xilinx/Vivado/2023.2/data/xhub/boards/XilinxBoardStore/boards/Xilinx/k24c/1.0/board.xml as part xck24-ubva530-2lv-c specified in board_part file is either invalid or not available
INFO: [Project 1-313] Project file moved from 'C:/Users/brade/OneDrive/Desktop/Lab 6' since last save.
WARNING: [Board 49-26] cannot add Board Part xilinx.com:k24i:part0:1.0 available at C:/Xilinx/Vivado/2023.2/data/xhub/boards/XilinxBoardStore/boards/Xilinx/k24i/1.0/board.xml as part xck24-ubva530-2lvi-i specified in board_part file is either invalid or not available
WARNING: [Board 49-26] cannot add Board Part xilinx.com:k26c:part0:1.2 available at C:/Xilinx/Vivado/2023.2/data/xhub/boards/XilinxBoardStore/boards/Xilinx/k26c/1.2/board.xml as part xck26-sfvc784-2lv-c specified in board_part file is either invalid or not available
WARNING: [Board 49-26] cannot add Board Part xilinx.com:k26c:part0:1.3 available at C:/Xilinx/Vivado/2023.2/data/xhub/boards/XilinxBoardStore/boards/Xilinx/k26c/1.3/board.xml as part xck26-sfvc784-2lv-c specified in board_part file is either invalid or not available
WARNING: [Board 49-26] cannot add Board Part xilinx.com:k26c:part0:1.4 available at C:/Xilinx/Vivado/2023.2/data/xhub/boards/XilinxBoardStore/boards/Xilinx/k26c/1.4/board.xml as part xck26-sfvc784-2lv-c specified in board_part file is either invalid or not available
WARNING: [Board 49-26] cannot add Board Part xilinx.com:k26i:part0:1.2 available at C:/Xilinx/Vivado/2023.2/data/xhub/boards/XilinxBoardStore/boards/Xilinx/k26i/1.2/board.xml as part xck26-sfvc784-2lvi-i specified in board_part file is either invalid or not available
WARNING: [Board 49-26] cannot add Board Part xilinx.com:k26i:part0:1.3 available at C:/Xilinx/Vivado/2023.2/data/xhub/boards/XilinxBoardStore/boards/Xilinx/k26i/1.3/board.xml as part xck26-sfvc784-2lvi-i specified in board_part file is either invalid or not available
WARNING: [Board 49-26] cannot add Board Part xilinx.com:k26i:part0:1.4 available at C:/Xilinx/Vivado/2023.2/data/xhub/boards/XilinxBoardStore/boards/Xilinx/k26i/1.4/board.xml as part xck26-sfvc784-2lvi-i specified in board_part file is either invalid or not available
WARNING: [Board 49-26] cannot add Board Part xilinx.com:kc705:part0:1.6 available at C:/Xilinx/Vivado/2023.2/data/xhub/boards/XilinxBoardStore/boards/Xilinx/kc705/1.6/board.xml as part xc7k325tffg900-2 specified in board_part file is either invalid or not available
WARNING: [Board 49-26] cannot add Board Part xilinx.com:kcu105:part0:1.6 available at C:/Xilinx/Vivado/2023.2/data/xhub/boards/XilinxBoardStore/boards/Xilinx/kcu105/1.6/board.xml as part xcku040-ffva1156-2-e specified in board_part file is either invalid or not available
WARNING: [Board 49-26] cannot add Board Part xilinx.com:kcu105:part0:1.7 available at C:/Xilinx/Vivado/2023.2/data/xhub/boards/XilinxBoardStore/boards/Xilinx/kcu105/1.7/board.xml as part xcku040-ffva1156-2-e specified in board_part file is either invalid or not available
WARNING: [Board 49-26] cannot add Board Part xilinx.com:kcu116:part0:1.4 available at C:/Xilinx/Vivado/2023.2/data/xhub/boards/XilinxBoardStore/boards/Xilinx/kcu116/1.4/board.xml as part xcku5p-ffvb676-2-e specified in board_part file is either invalid or not available
WARNING: [Board 49-26] cannot add Board Part xilinx.com:kcu116:part0:1.5 available at C:/Xilinx/Vivado/2023.2/data/xhub/boards/XilinxBoardStore/boards/Xilinx/kcu116/1.5/board.xml as part xcku5p-ffvb676-2-e specified in board_part file is either invalid or not available
WARNING: [Board 49-26] cannot add Board Part xilinx.com:kcu1500:part0:1.2 available at C:/Xilinx/Vivado/2023.2/data/xhub/boards/XilinxBoardStore/boards/Xilinx/kcu1500/1.2/board.xml as part xcku115-flvb2104-2-e specified in board_part file is either invalid or not available
WARNING: [Board 49-26] cannot add Board Part xilinx.com:kd240_som:part0:1.0 available at C:/Xilinx/Vivado/2023.2/data/xhub/boards/XilinxBoardStore/boards/Xilinx/kd240_som/1.0/board.xml as part xck24-ubva530-2lv-c specified in board_part file is either invalid or not available
WARNING: [Board 49-26] cannot add Board Part xilinx.com:kr260_som:part0:1.0 available at C:/Xilinx/Vivado/2023.2/data/xhub/boards/XilinxBoardStore/boards/Xilinx/kr260_som/1.0/board.xml as part xck26-sfvc784-2lv-c specified in board_part file is either invalid or not available
WARNING: [Board 49-26] cannot add Board Part xilinx.com:kr260_som:part0:1.1 available at C:/Xilinx/Vivado/2023.2/data/xhub/boards/XilinxBoardStore/boards/Xilinx/kr260_som/1.1/board.xml as part xck26-sfvc784-2lv-c specified in board_part file is either invalid or not available
WARNING: [Board 49-26] cannot add Board Part xilinx.com:kv260_som:part0:1.2 available at C:/Xilinx/Vivado/2023.2/data/xhub/boards/XilinxBoardStore/boards/Xilinx/kv260_som/1.2/board.xml as part xck26-sfvc784-2lv-c specified in board_part file is either invalid or not available
WARNING: [Board 49-26] cannot add Board Part xilinx.com:kv260_som:part0:1.3 available at C:/Xilinx/Vivado/2023.2/data/xhub/boards/XilinxBoardStore/boards/Xilinx/kv260_som/1.3/board.xml as part xck26-sfvc784-2lv-c specified in board_part file is either invalid or not available
WARNING: [Board 49-26] cannot add Board Part xilinx.com:kv260_som:part0:1.4 available at C:/Xilinx/Vivado/2023.2/data/xhub/boards/XilinxBoardStore/boards/Xilinx/kv260_som/1.4/board.xml as part xck26-sfvc784-2lv-c specified in board_part file is either invalid or not available
WARNING: [Board 49-26] cannot add Board Part xilinx.com:sp701:part0:1.0 available at C:/Xilinx/Vivado/2023.2/data/xhub/boards/XilinxBoardStore/boards/Xilinx/sp701/1.0/board.xml as part xc7s100fgga676-2 specified in board_part file is either invalid or not available
WARNING: [Board 49-26] cannot add Board Part xilinx.com:sp701:part0:1.1 available at C:/Xilinx/Vivado/2023.2/data/xhub/boards/XilinxBoardStore/boards/Xilinx/sp701/1.1/board.xml as part xc7s100fgga676-2 specified in board_part file is either invalid or not available
WARNING: [Board 49-26] cannot add Board Part xilinx.com:vc707:part0:1.4 available at C:/Xilinx/Vivado/2023.2/data/xhub/boards/XilinxBoardStore/boards/Xilinx/vc707/1.4/board.xml as part xc7vx485tffg1761-2 specified in board_part file is either invalid or not available
WARNING: [Board 49-26] cannot add Board Part xilinx.com:vc709:part0:1.8 available at C:/Xilinx/Vivado/2023.2/data/xhub/boards/XilinxBoardStore/boards/Xilinx/vc709/1.8/board.xml as part xc7vx690tffg1761-2 specified in board_part file is either invalid or not available
WARNING: [Board 49-26] cannot add Board Part xilinx.com:vck190:part0:2.2 available at C:/Xilinx/Vivado/2023.2/data/xhub/boards/XilinxBoardStore/boards/Xilinx/vck190/production/2.2/board.xml as part xcvc1902-vsva2197-2mp-e-s specified in board_part file is either invalid or not available
WARNING: [Board 49-26] cannot add Board Part xilinx.com:vck190:part0:3.0 available at C:/Xilinx/Vivado/2023.2/data/xhub/boards/XilinxBoardStore/boards/Xilinx/vck190/production/3.0/board.xml as part xcvc1902-vsva2197-2mp-e-s specified in board_part file is either invalid or not available
WARNING: [Board 49-26] cannot add Board Part xilinx.com:vck190:part0:3.1 available at C:/Xilinx/Vivado/2023.2/data/xhub/boards/XilinxBoardStore/boards/Xilinx/vck190/production/3.1/board.xml as part xcvc1902-vsva2197-2mp-e-s specified in board_part file is either invalid or not available
WARNING: [Board 49-26] cannot add Board Part xilinx.com:vck190:part0:3.2 available at C:/Xilinx/Vivado/2023.2/data/xhub/boards/XilinxBoardStore/boards/Xilinx/vck190/production/3.2/board.xml as part xcvc1902-vsva2197-2mp-e-s specified in board_part file is either invalid or not available
WARNING: [Board 49-26] cannot add Board Part xilinx.com:vck190_newl:part0:1.0 available at C:/Xilinx/Vivado/2023.2/data/xhub/boards/XilinxBoardStore/boards/Xilinx/vck190_newl/production/1.0/board.xml as part xcvc1902-vsva2197-2mp-e-s specified in board_part file is either invalid or not available
WARNING: [Board 49-26] cannot add Board Part xilinx.com:vck190_newl:part0:1.1 available at C:/Xilinx/Vivado/2023.2/data/xhub/boards/XilinxBoardStore/boards/Xilinx/vck190_newl/production/1.1/board.xml as part xcvc1902-vsva2197-2mp-e-s specified in board_part file is either invalid or not available
WARNING: [Board 49-26] cannot add Board Part xilinx.com:vcu108:part0:1.6 available at C:/Xilinx/Vivado/2023.2/data/xhub/boards/XilinxBoardStore/boards/Xilinx/vcu108/1.6/board.xml as part xcvu095-ffva2104-2-e specified in board_part file is either invalid or not available
WARNING: [Board 49-26] cannot add Board Part xilinx.com:vcu108:part0:1.7 available at C:/Xilinx/Vivado/2023.2/data/xhub/boards/XilinxBoardStore/boards/Xilinx/vcu108/1.7/board.xml as part xcvu095-ffva2104-2-e specified in board_part file is either invalid or not available
WARNING: [Board 49-26] cannot add Board Part xilinx.com:vcu110:part0:1.4 available at C:/Xilinx/Vivado/2023.2/data/xhub/boards/XilinxBoardStore/boards/Xilinx/vcu110/1.4/board.xml as part xcvu190-flgc2104-2-e specified in board_part file is either invalid or not available
WARNING: [Board 49-26] cannot add Board Part xilinx.com:vcu118:part0:2.0 available at C:/Xilinx/Vivado/2023.2/data/xhub/boards/XilinxBoardStore/boards/Xilinx/vcu118/2.0/board.xml as part xcvu9p-flga2104-2l-e specified in board_part file is either invalid or not available
WARNING: [Board 49-26] cannot add Board Part xilinx.com:vcu118:part0:2.3 available at C:/Xilinx/Vivado/2023.2/data/xhub/boards/XilinxBoardStore/boards/Xilinx/vcu118/2.3/board.xml as part xcvu9p-flga2104-2l-e specified in board_part file is either invalid or not available
WARNING: [Board 49-26] cannot add Board Part xilinx.com:vcu118:part0:2.4 available at C:/Xilinx/Vivado/2023.2/data/xhub/boards/XilinxBoardStore/boards/Xilinx/vcu118/2.4/board.xml as part xcvu9p-flga2104-2l-e specified in board_part file is either invalid or not available
WARNING: [Board 49-26] cannot add Board Part xilinx.com:vcu128:part0:1.0 available at C:/Xilinx/Vivado/2023.2/data/xhub/boards/XilinxBoardStore/boards/Xilinx/vcu128/production/1.0/board.xml as part xcvu37p-fsvh2892-2l-e specified in board_part file is either invalid or not available
WARNING: [Board 49-26] cannot add Board Part xilinx.com:vcu129:part0:1.0 available at C:/Xilinx/Vivado/2023.2/data/xhub/boards/XilinxBoardStore/boards/Xilinx/vcu129/production/1.0/board.xml as part xcvu29p-fsga2577-2l-e specified in board_part file is either invalid or not available
WARNING: [Board 49-26] cannot add Board Part xilinx.com:vcu1525:part0:1.3 available at C:/Xilinx/Vivado/2023.2/data/xhub/boards/XilinxBoardStore/boards/Xilinx/vcu1525/1.3/board.xml as part xcvu9p-fsgd2104-2l-e specified in board_part file is either invalid or not available
WARNING: [Board 49-26] cannot add Board Part xilinx.com:vek280:part0:1.0 available at C:/Xilinx/Vivado/2023.2/data/xhub/boards/XilinxBoardStore/boards/Xilinx/vek280/production/1.0/board.xml as part xcve2802-vsvh1760-2mp-e-s specified in board_part file is either invalid or not available
WARNING: [Board 49-26] cannot add Board Part xilinx.com:vek280_es:part0:1.0 available at C:/Xilinx/Vivado/2023.2/data/xhub/boards/XilinxBoardStore/boards/Xilinx/vek280/es/rev_a/1.0/board.xml as part xcve2802-vsvh1760-2lp-e-s-es1 specified in board_part file is either invalid or not available
WARNING: [Board 49-26] cannot add Board Part xilinx.com:vek280_es:part0:1.1 available at C:/Xilinx/Vivado/2023.2/data/xhub/boards/XilinxBoardStore/boards/Xilinx/vek280/es/rev_a/1.1/board.xml as part xcve2802-vsvh1760-2lp-e-s-es1 specified in board_part file is either invalid or not available
WARNING: [Board 49-26] cannot add Board Part xilinx.com:vek280_es_revb:part0:1.0 available at C:/Xilinx/Vivado/2023.2/data/xhub/boards/XilinxBoardStore/boards/Xilinx/vek280/es/rev_b/1.0/board.xml as part xcve2802-vsvh1760-2mp-e-s-es1 specified in board_part file is either invalid or not available
WARNING: [Board 49-26] cannot add Board Part xilinx.com:vek280_es_revb:part0:1.1 available at C:/Xilinx/Vivado/2023.2/data/xhub/boards/XilinxBoardStore/boards/Xilinx/vek280/es/rev_b/1.1/board.xml as part xcve2802-vsvh1760-2mp-e-s-es1 specified in board_part file is either invalid or not available
WARNING: [Board 49-26] cannot add Board Part xilinx.com:vermeo_t1_mpsoc:part0:1.0 available at C:/Xilinx/Vivado/2023.2/data/xhub/boards/XilinxBoardStore/boards/Xilinx/vermeo_t1_mpsoc/1.0/board.xml as part xczu19eg-ffvd1760-2l-e specified in board_part file is either invalid or not available
WARNING: [Board 49-26] cannot add Board Part xilinx.com:vermeo_t1_rfsoc:part0:1.0 available at C:/Xilinx/Vivado/2023.2/data/xhub/boards/XilinxBoardStore/boards/Xilinx/vermeo_t1_rfsoc/1.0/board.xml as part xczu21dr-ffvd1156-2l-e specified in board_part file is either invalid or not available
WARNING: [Board 49-26] cannot add Board Part xilinx.com:vhk158:part0:1.0 available at C:/Xilinx/Vivado/2023.2/data/xhub/boards/XilinxBoardStore/boards/Xilinx/vhk158/production/1.0/board.xml as part xcvh1582-vsva3697-2mp-e-s specified in board_part file is either invalid or not available
WARNING: [Board 49-26] cannot add Board Part xilinx.com:vhk158:part0:1.1 available at C:/Xilinx/Vivado/2023.2/data/xhub/boards/XilinxBoardStore/boards/Xilinx/vhk158/production/1.1/board.xml as part xcvh1582-vsva3697-2mp-e-s specified in board_part file is either invalid or not available
WARNING: [Board 49-26] cannot add Board Part xilinx.com:vhk158_es:part0:1.0 available at C:/Xilinx/Vivado/2023.2/data/xhub/boards/XilinxBoardStore/boards/Xilinx/vhk158/es/1.0/board.xml as part xcvh1582-vsva3697-2mp-e-s-es1 specified in board_part file is either invalid or not available
WARNING: [Board 49-26] cannot add Board Part xilinx.com:vhk158_es:part0:1.1 available at C:/Xilinx/Vivado/2023.2/data/xhub/boards/XilinxBoardStore/boards/Xilinx/vhk158/es/1.1/board.xml as part xcvh1582-vsva3697-2mp-e-s-es1 specified in board_part file is either invalid or not available
WARNING: [Board 49-26] cannot add Board Part xilinx.com:vmk180:part0:2.2 available at C:/Xilinx/Vivado/2023.2/data/xhub/boards/XilinxBoardStore/boards/Xilinx/vmk180/production/2.2/board.xml as part xcvm1802-vsva2197-2mp-e-s specified in board_part file is either invalid or not available
WARNING: [Board 49-26] cannot add Board Part xilinx.com:vmk180:part0:3.0 available at C:/Xilinx/Vivado/2023.2/data/xhub/boards/XilinxBoardStore/boards/Xilinx/vmk180/production/3.0/board.xml as part xcvm1802-vsva2197-2mp-e-s specified in board_part file is either invalid or not available
WARNING: [Board 49-26] cannot add Board Part xilinx.com:vmk180:part0:3.1 available at C:/Xilinx/Vivado/2023.2/data/xhub/boards/XilinxBoardStore/boards/Xilinx/vmk180/production/3.1/board.xml as part xcvm1802-vsva2197-2mp-e-s specified in board_part file is either invalid or not available
WARNING: [Board 49-26] cannot add Board Part xilinx.com:vmk180:part0:3.2 available at C:/Xilinx/Vivado/2023.2/data/xhub/boards/XilinxBoardStore/boards/Xilinx/vmk180/production/3.2/board.xml as part xcvm1802-vsva2197-2mp-e-s specified in board_part file is either invalid or not available
WARNING: [Board 49-26] cannot add Board Part xilinx.com:vmk180_newl:part0:1.0 available at C:/Xilinx/Vivado/2023.2/data/xhub/boards/XilinxBoardStore/boards/Xilinx/vmk180_newl/production/1.0/board.xml as part xcvm1802-vsva2197-2mp-e-s specified in board_part file is either invalid or not available
WARNING: [Board 49-26] cannot add Board Part xilinx.com:vmk180_newl:part0:1.1 available at C:/Xilinx/Vivado/2023.2/data/xhub/boards/XilinxBoardStore/boards/Xilinx/vmk180_newl/production/1.1/board.xml as part xcvm1802-vsva2197-2mp-e-s specified in board_part file is either invalid or not available
WARNING: [Board 49-26] cannot add Board Part xilinx.com:vpk120:part0:1.0 available at C:/Xilinx/Vivado/2023.2/data/xhub/boards/XilinxBoardStore/boards/Xilinx/vpk120/production/1.0/board.xml as part xcvp1202-vsva2785-2mp-e-s specified in board_part file is either invalid or not available
WARNING: [Board 49-26] cannot add Board Part xilinx.com:vpk120:part0:1.1 available at C:/Xilinx/Vivado/2023.2/data/xhub/boards/XilinxBoardStore/boards/Xilinx/vpk120/production/1.1/board.xml as part xcvp1202-vsva2785-2mp-e-s specified in board_part file is either invalid or not available
WARNING: [Board 49-26] cannot add Board Part xilinx.com:vpk120:part0:1.2 available at C:/Xilinx/Vivado/2023.2/data/xhub/boards/XilinxBoardStore/boards/Xilinx/vpk120/production/1.2/board.xml as part xcvp1202-vsva2785-2mp-e-s specified in board_part file is either invalid or not available
WARNING: [Board 49-26] cannot add Board Part xilinx.com:vpk180:part0:1.0 available at C:/Xilinx/Vivado/2023.2/data/xhub/boards/XilinxBoardStore/boards/Xilinx/vpk180/production/1.0/board.xml as part xcvp1802-lsvc4072-2mp-e-s specified in board_part file is either invalid or not available
WARNING: [Board 49-26] cannot add Board Part xilinx.com:vpk180:part0:1.1 available at C:/Xilinx/Vivado/2023.2/data/xhub/boards/XilinxBoardStore/boards/Xilinx/vpk180/production/1.1/board.xml as part xcvp1802-lsvc4072-2mp-e-s specified in board_part file is either invalid or not available
WARNING: [Board 49-26] cannot add Board Part xilinx.com:zc702:part0:1.4 available at C:/Xilinx/Vivado/2023.2/data/xhub/boards/XilinxBoardStore/boards/Xilinx/zc702/1.4/board.xml as part xc7z020clg484-1 specified in board_part file is either invalid or not available
WARNING: [Board 49-26] cannot add Board Part xilinx.com:zc706:part0:1.4 available at C:/Xilinx/Vivado/2023.2/data/xhub/boards/XilinxBoardStore/boards/Xilinx/zc706/1.4/board.xml as part xc7z045ffg900-2 specified in board_part file is either invalid or not available
WARNING: [Board 49-26] cannot add Board Part xilinx.com:zcu102:part0:3.3 available at C:/Xilinx/Vivado/2023.2/data/xhub/boards/XilinxBoardStore/boards/Xilinx/zcu102/3.3/board.xml as part xczu9eg-ffvb1156-2-e specified in board_part file is either invalid or not available
WARNING: [Board 49-26] cannot add Board Part xilinx.com:zcu102:part0:3.4 available at C:/Xilinx/Vivado/2023.2/data/xhub/boards/XilinxBoardStore/boards/Xilinx/zcu102/3.4/board.xml as part xczu9eg-ffvb1156-2-e specified in board_part file is either invalid or not available
WARNING: [Board 49-26] cannot add Board Part xilinx.com:zcu104:part0:1.1 available at C:/Xilinx/Vivado/2023.2/data/xhub/boards/XilinxBoardStore/boards/Xilinx/zcu104/1.1/board.xml as part xczu7ev-ffvc1156-2-e specified in board_part file is either invalid or not available
WARNING: [Board 49-26] cannot add Board Part xilinx.com:zcu106:part0:2.4 available at C:/Xilinx/Vivado/2023.2/data/xhub/boards/XilinxBoardStore/boards/Xilinx/zcu106/2.4/board.xml as part xczu7ev-ffvc1156-2-e specified in board_part file is either invalid or not available
WARNING: [Board 49-26] cannot add Board Part xilinx.com:zcu106:part0:2.5 available at C:/Xilinx/Vivado/2023.2/data/xhub/boards/XilinxBoardStore/boards/Xilinx/zcu106/2.5/board.xml as part xczu7ev-ffvc1156-2-e specified in board_part file is either invalid or not available
WARNING: [Board 49-26] cannot add Board Part xilinx.com:zcu106:part0:2.6 available at C:/Xilinx/Vivado/2023.2/data/xhub/boards/XilinxBoardStore/boards/Xilinx/zcu106/2.6/board.xml as part xczu7ev-ffvc1156-2-e specified in board_part file is either invalid or not available
WARNING: [Board 49-26] cannot add Board Part xilinx.com:zcu111:part0:1.2 available at C:/Xilinx/Vivado/2023.2/data/xhub/boards/XilinxBoardStore/boards/Xilinx/zcu111/1.2/board.xml as part xczu28dr-ffvg1517-2-e specified in board_part file is either invalid or not available
WARNING: [Board 49-26] cannot add Board Part xilinx.com:zcu111:part0:1.3 available at C:/Xilinx/Vivado/2023.2/data/xhub/boards/XilinxBoardStore/boards/Xilinx/zcu111/1.3/board.xml as part xczu28dr-ffvg1517-2-e specified in board_part file is either invalid or not available
WARNING: [Board 49-26] cannot add Board Part xilinx.com:zcu111:part0:1.4 available at C:/Xilinx/Vivado/2023.2/data/xhub/boards/XilinxBoardStore/boards/Xilinx/zcu111/1.4/board.xml as part xczu28dr-ffvg1517-2-e specified in board_part file is either invalid or not available
WARNING: [Board 49-26] cannot add Board Part xilinx.com:zcu1275:part0:1.0 available at C:/Xilinx/Vivado/2023.2/data/xhub/boards/XilinxBoardStore/boards/Xilinx/zcu1275/1.0/board.xml as part xczu29dr-ffvf1760-2-e specified in board_part file is either invalid or not available
WARNING: [Board 49-26] cannot add Board Part xilinx.com:zcu1285:part0:1.0 available at C:/Xilinx/Vivado/2023.2/data/xhub/boards/XilinxBoardStore/boards/Xilinx/zcu1285/1.0/board.xml as part xczu39dr-ffvf1760-2-i specified in board_part file is either invalid or not available
WARNING: [Board 49-26] cannot add Board Part xilinx.com:zcu208:part0:2.0 available at C:/Xilinx/Vivado/2023.2/data/xhub/boards/XilinxBoardStore/boards/Xilinx/zcu208/production/2.0/board.xml as part xczu48dr-fsvg1517-2-e specified in board_part file is either invalid or not available
WARNING: [Board 49-26] cannot add Board Part xilinx.com:zcu208ld:part0:2.0 available at C:/Xilinx/Vivado/2023.2/data/xhub/boards/XilinxBoardStore/boards/Xilinx/zcu208ld/production/2.0/board.xml as part xczu58dr-fsvg1517-2-i specified in board_part file is either invalid or not available
WARNING: [Board 49-26] cannot add Board Part xilinx.com:zcu216:part0:2.0 available at C:/Xilinx/Vivado/2023.2/data/xhub/boards/XilinxBoardStore/boards/Xilinx/zcu216/production/2.0/board.xml as part xczu49dr-ffvf1760-2-e specified in board_part file is either invalid or not available
WARNING: [Board 49-26] cannot add Board Part xilinx.com:zcu216ld:part0:2.0 available at C:/Xilinx/Vivado/2023.2/data/xhub/boards/XilinxBoardStore/boards/Xilinx/zcu216ld/production/2.0/board.xml as part xczu59dr-ffvf1760-2-i specified in board_part file is either invalid or not available
WARNING: [Board 49-26] cannot add Board Part xilinx.com:zcu670:part0:2.0 available at C:/Xilinx/Vivado/2023.2/data/xhub/boards/XilinxBoardStore/boards/Xilinx/zcu670/2.0/board.xml as part xczu67dr-fsve1156-2-i specified in board_part file is either invalid or not available
WARNING: [Board 49-26] cannot add Board Part xilinx.com:zcu670ld:part0:1.0 available at C:/Xilinx/Vivado/2023.2/data/xhub/boards/XilinxBoardStore/boards/Xilinx/zcu670ld/1.0/board.xml as part xczu57dr-fsve1156-2-i specified in board_part file is either invalid or not available
INFO: [filemgmt 56-3] Default IP Output Path : Could not find the directory 'C:/Users/brade/OneDrive/Documents/Vivado/CSE 100/Lab 6/Lab 6.gen/sources_1'.
Scanning sources...
Finished scanning sources
INFO: [IP_Flow 19-234] Refreshing IP repositories
INFO: [IP_Flow 19-1704] No user IP repositories specified
INFO: [IP_Flow 19-2313] Loaded Vivado IP repository 'C:/Xilinx/Vivado/2023.2/data/ip'.
open_project: Time (s): cpu = 00:00:40 ; elapsed = 00:00:21 . Memory (MB): peak = 1472.094 ; gain = 336.629
update_compile_order -fileset sources_1
reset_run synth_1
INFO: [Project 1-1161] Replacing file C:/Users/brade/OneDrive/Documents/Vivado/CSE 100/Lab 6/Lab 6.srcs/utils_1/imports/synth_1/top.dcp with file C:/Users/brade/OneDrive/Documents/Vivado/CSE 100/Lab 6/Lab 6.runs/synth_1/topLevel.dcp
launch_runs impl_1 -to_step write_bitstream -jobs 12
[Sun Nov 30 20:03:20 2025] Launched synth_1...
Run output will be captured here: C:/Users/brade/OneDrive/Documents/Vivado/CSE 100/Lab 6/Lab 6.runs/synth_1/runme.log
[Sun Nov 30 20:03:20 2025] Launched impl_1...
Run output will be captured here: C:/Users/brade/OneDrive/Documents/Vivado/CSE 100/Lab 6/Lab 6.runs/impl_1/runme.log
open_hw_manager
connect_hw_server -allow_non_jtag
INFO: [Labtools 27-2285] Connecting to hw_server url TCP:localhost:3121
INFO: [Labtools 27-2222] Launching hw_server...
INFO: [Labtools 27-2221] Launch Output:
ECHO is off.
ECHO is off.

****** Xilinx hw_server v2023.2
  **** Build date : Oct 13 2023 at 21:31:40
    ** Copyright 1986-2022 Xilinx, Inc. All Rights Reserved.


INFO: [Labtools 27-3415] Connecting to cs_server url TCP:localhost:0
INFO: [Labtools 27-3417] Launching cs_server...
INFO: [Labtools 27-2221] Launch Output:
ECHO is off.
ECHO is off.


******** Xilinx cs_server v2023.2.0
  ****** Build date   : Oct 09 2023-21:01:56
    **** Build number : 2023.2.1696910516
      ** Copyright 2017-2022 Xilinx, Inc. All Rights Reserved.
      ** Copyright 2022-2025 Advanced Micro Devices, Inc. All Rights Reserved.



connect_hw_server: Time (s): cpu = 00:00:01 ; elapsed = 00:00:06 . Memory (MB): peak = 1694.043 ; gain = 0.000
open_hw_target
INFO: [Labtoolstcl 44-466] Opening hw_target localhost:3121/xilinx_tcf/Digilent/210183BD3BE1A
set_property PROGRAM.FILE {C:/Users/brade/OneDrive/Documents/Vivado/CSE 100/Lab 6/Lab 6.runs/impl_1/topLevel.bit} [get_hw_devices xc7a35t_0]
current_hw_device [get_hw_devices xc7a35t_0]
refresh_hw_device -update_hw_probes false [lindex [get_hw_devices xc7a35t_0] 0]
INFO: [Labtools 27-1434] Device xc7a35t (JTAG device index = 0) is programmed with a design that has no supported debug core(s) in it.
set_property PROBES.FILE {} [get_hw_devices xc7a35t_0]
set_property FULL_PROBES.FILE {} [get_hw_devices xc7a35t_0]
set_property PROGRAM.FILE {C:/Users/brade/OneDrive/Documents/Vivado/CSE 100/Lab 6/Lab 6.runs/impl_1/topLevel.bit} [get_hw_devices xc7a35t_0]
program_hw_devices [get_hw_devices xc7a35t_0]
INFO: [Labtools 27-3164] End of startup status: HIGH
refresh_hw_device [lindex [get_hw_devices xc7a35t_0] 0]
INFO: [Labtools 27-1434] Device xc7a35t (JTAG device index = 0) is programmed with a design that has no supported debug core(s) in it.
close_hw_manager
WARNING: [filemgmt 56-199] Attempt to get parsing info during refresh. "On-the-fly" syntax checking information may be incorrect. [C:\Users\brade\OneDrive\Documents\Vivado\CSE 100\Lab 6\Lab 6.srcs\sources_1\new\topLevel.v:]
WARNING: [filemgmt 56-199] Attempt to get parsing info during refresh. "On-the-fly" syntax checking information may be incorrect. [C:\Users\brade\OneDrive\Documents\Vivado\CSE 100\Lab 6\Lab 6.srcs\sources_1\new\system_fsm.v:]
ERROR: [Common 17-180] Spawn failed: No error
WARNING: [filemgmt 56-199] Attempt to get parsing info during refresh. "On-the-fly" syntax checking information may be incorrect. [C:\Users\brade\OneDrive\Documents\Vivado\CSE 100\Lab 6\Lab 6.srcs\sources_1\new\topLevel.v:]
WARNING: [filemgmt 56-199] Attempt to get parsing info during refresh. "On-the-fly" syntax checking information may be incorrect. [C:\Users\brade\OneDrive\Documents\Vivado\CSE 100\Lab 6\Lab 6.srcs\sources_1\new\system_fsm.v:]
ERROR: [Common 17-180] Spawn failed: No error
WARNING: [filemgmt 56-199] Attempt to get parsing info during refresh. "On-the-fly" syntax checking information may be incorrect. [C:\Users\brade\OneDrive\Documents\Vivado\CSE 100\Lab 6\Lab 6.srcs\sources_1\new\topLevel.v:]
WARNING: [filemgmt 56-199] Attempt to get parsing info during refresh. "On-the-fly" syntax checking information may be incorrect. [C:\Users\brade\OneDrive\Documents\Vivado\CSE 100\Lab 6\Lab 6.srcs\sources_1\new\system_fsm.v:]
ERROR: [Common 17-180] Spawn failed: No error
WARNING: [filemgmt 56-199] Attempt to get parsing info during refresh. "On-the-fly" syntax checking information may be incorrect. [C:\Users\brade\OneDrive\Documents\Vivado\CSE 100\Lab 6\Lab 6.srcs\sources_1\new\topLevel.v:]
WARNING: [filemgmt 56-199] Attempt to get parsing info during refresh. "On-the-fly" syntax checking information may be incorrect. [C:\Users\brade\OneDrive\Documents\Vivado\CSE 100\Lab 6\Lab 6.srcs\sources_1\new\system_fsm.v:]
ERROR: [Common 17-180] Spawn failed: No error
WARNING: [filemgmt 56-199] Attempt to get parsing info during refresh. "On-the-fly" syntax checking information may be incorrect. [C:\Users\brade\OneDrive\Documents\Vivado\CSE 100\Lab 6\Lab 6.srcs\sources_1\new\topLevel.v:]
WARNING: [filemgmt 56-199] Attempt to get parsing info during refresh. "On-the-fly" syntax checking information may be incorrect. [C:\Users\brade\OneDrive\Documents\Vivado\CSE 100\Lab 6\Lab 6.srcs\sources_1\new\system_fsm.v:]
ERROR: [Common 17-180] Spawn failed: No error
WARNING: [filemgmt 56-199] Attempt to get parsing info during refresh. "On-the-fly" syntax checking information may be incorrect. [C:\Users\brade\OneDrive\Documents\Vivado\CSE 100\Lab 6\Lab 6.srcs\sources_1\new\topLevel.v:]
WARNING: [filemgmt 56-199] Attempt to get parsing info during refresh. "On-the-fly" syntax checking information may be incorrect. [C:\Users\brade\OneDrive\Documents\Vivado\CSE 100\Lab 6\Lab 6.srcs\sources_1\new\system_fsm.v:]
ERROR: [Common 17-180] Spawn failed: No error
WARNING: [filemgmt 56-199] Attempt to get parsing info during refresh. "On-the-fly" syntax checking information may be incorrect. [C:\Users\brade\OneDrive\Documents\Vivado\CSE 100\Lab 6\Lab 6.srcs\sources_1\new\topLevel.v:]
WARNING: [filemgmt 56-199] Attempt to get parsing info during refresh. "On-the-fly" syntax checking information may be incorrect. [C:\Users\brade\OneDrive\Documents\Vivado\CSE 100\Lab 6\Lab 6.srcs\sources_1\new\system_fsm.v:]
ERROR: [Common 17-180] Spawn failed: No error
WARNING: [filemgmt 56-199] Attempt to get parsing info during refresh. "On-the-fly" syntax checking information may be incorrect. [C:\Users\brade\OneDrive\Documents\Vivado\CSE 100\Lab 6\Lab 6.srcs\sources_1\new\topLevel.v:]
WARNING: [filemgmt 56-199] Attempt to get parsing info during refresh. "On-the-fly" syntax checking information may be incorrect. [C:\Users\brade\OneDrive\Documents\Vivado\CSE 100\Lab 6\Lab 6.srcs\sources_1\new\system_fsm.v:]
ERROR: [Common 17-180] Spawn failed: No error
WARNING: [filemgmt 56-199] Attempt to get parsing info during refresh. "On-the-fly" syntax checking information may be incorrect. [C:\Users\brade\OneDrive\Documents\Vivado\CSE 100\Lab 6\Lab 6.srcs\sources_1\new\topLevel.v:]
WARNING: [filemgmt 56-199] Attempt to get parsing info during refresh. "On-the-fly" syntax checking information may be incorrect. [C:\Users\brade\OneDrive\Documents\Vivado\CSE 100\Lab 6\Lab 6.srcs\sources_1\new\system_fsm.v:]
ERROR: [Common 17-180] Spawn failed: No error
WARNING: [filemgmt 56-199] Attempt to get parsing info during refresh. "On-the-fly" syntax checking information may be incorrect. [C:\Users\brade\OneDrive\Documents\Vivado\CSE 100\Lab 6\Lab 6.srcs\sources_1\new\topLevel.v:]
WARNING: [filemgmt 56-199] Attempt to get parsing info during refresh. "On-the-fly" syntax checking information may be incorrect. [C:\Users\brade\OneDrive\Documents\Vivado\CSE 100\Lab 6\Lab 6.srcs\sources_1\new\system_fsm.v:]
ERROR: [Common 17-180] Spawn failed: No error
WARNING: [filemgmt 56-199] Attempt to get parsing info during refresh. "On-the-fly" syntax checking information may be incorrect. [C:\Users\brade\OneDrive\Documents\Vivado\CSE 100\Lab 6\Lab 6.srcs\sources_1\new\topLevel.v:]
WARNING: [filemgmt 56-199] Attempt to get parsing info during refresh. "On-the-fly" syntax checking information may be incorrect. [C:\Users\brade\OneDrive\Documents\Vivado\CSE 100\Lab 6\Lab 6.srcs\sources_1\new\system_fsm.v:]
ERROR: [Common 17-180] Spawn failed: No error
WARNING: [filemgmt 56-199] Attempt to get parsing info during refresh. "On-the-fly" syntax checking information may be incorrect. [C:\Users\brade\OneDrive\Documents\Vivado\CSE 100\Lab 6\Lab 6.srcs\sources_1\new\topLevel.v:]
WARNING: [filemgmt 56-199] Attempt to get parsing info during refresh. "On-the-fly" syntax checking information may be incorrect. [C:\Users\brade\OneDrive\Documents\Vivado\CSE 100\Lab 6\Lab 6.srcs\sources_1\new\system_fsm.v:]
ERROR: [Common 17-180] Spawn failed: No error
WARNING: [filemgmt 56-199] Attempt to get parsing info during refresh. "On-the-fly" syntax checking information may be incorrect. [C:\Users\brade\OneDrive\Documents\Vivado\CSE 100\Lab 6\Lab 6.srcs\sources_1\new\topLevel.v:]
WARNING: [filemgmt 56-199] Attempt to get parsing info during refresh. "On-the-fly" syntax checking information may be incorrect. [C:\Users\brade\OneDrive\Documents\Vivado\CSE 100\Lab 6\Lab 6.srcs\sources_1\new\system_fsm.v:]
ERROR: [Common 17-180] Spawn failed: No error
WARNING: [filemgmt 56-199] Attempt to get parsing info during refresh. "On-the-fly" syntax checking information may be incorrect. [C:\Users\brade\OneDrive\Documents\Vivado\CSE 100\Lab 6\Lab 6.srcs\sources_1\new\topLevel.v:]
WARNING: [filemgmt 56-199] Attempt to get parsing info during refresh. "On-the-fly" syntax checking information may be incorrect. [C:\Users\brade\OneDrive\Documents\Vivado\CSE 100\Lab 6\Lab 6.srcs\sources_1\new\system_fsm.v:]
ERROR: [Common 17-180] Spawn failed: No error
WARNING: [filemgmt 56-199] Attempt to get parsing info during refresh. "On-the-fly" syntax checking information may be incorrect. [C:\Users\brade\OneDrive\Documents\Vivado\CSE 100\Lab 6\Lab 6.srcs\sources_1\new\topLevel.v:]
WARNING: [filemgmt 56-199] Attempt to get parsing info during refresh. "On-the-fly" syntax checking information may be incorrect. [C:\Users\brade\OneDrive\Documents\Vivado\CSE 100\Lab 6\Lab 6.srcs\sources_1\new\system_fsm.v:]
ERROR: [Common 17-180] Spawn failed: No error
WARNING: [filemgmt 56-199] Attempt to get parsing info during refresh. "On-the-fly" syntax checking information may be incorrect. [C:\Users\brade\OneDrive\Documents\Vivado\CSE 100\Lab 6\Lab 6.srcs\sources_1\new\topLevel.v:]
WARNING: [filemgmt 56-199] Attempt to get parsing info during refresh. "On-the-fly" syntax checking information may be incorrect. [C:\Users\brade\OneDrive\Documents\Vivado\CSE 100\Lab 6\Lab 6.srcs\sources_1\new\system_fsm.v:]
ERROR: [Common 17-180] Spawn failed: No error
WARNING: [filemgmt 56-199] Attempt to get parsing info during refresh. "On-the-fly" syntax checking information may be incorrect. [C:\Users\brade\OneDrive\Documents\Vivado\CSE 100\Lab 6\Lab 6.srcs\sources_1\new\topLevel.v:]
WARNING: [filemgmt 56-199] Attempt to get parsing info during refresh. "On-the-fly" syntax checking information may be incorrect. [C:\Users\brade\OneDrive\Documents\Vivado\CSE 100\Lab 6\Lab 6.srcs\sources_1\new\system_fsm.v:]
ERROR: [Common 17-180] Spawn failed: No error
WARNING: [filemgmt 56-199] Attempt to get parsing info during refresh. "On-the-fly" syntax checking information may be incorrect. [C:\Users\brade\OneDrive\Documents\Vivado\CSE 100\Lab 6\Lab 6.srcs\sources_1\new\topLevel.v:]
WARNING: [filemgmt 56-199] Attempt to get parsing info during refresh. "On-the-fly" syntax checking information may be incorrect. [C:\Users\brade\OneDrive\Documents\Vivado\CSE 100\Lab 6\Lab 6.srcs\sources_1\new\system_fsm.v:]
ERROR: [Common 17-180] Spawn failed: No error
WARNING: [filemgmt 56-199] Attempt to get parsing info during refresh. "On-the-fly" syntax checking information may be incorrect. [C:\Users\brade\OneDrive\Documents\Vivado\CSE 100\Lab 6\Lab 6.srcs\sources_1\new\topLevel.v:]
WARNING: [filemgmt 56-199] Attempt to get parsing info during refresh. "On-the-fly" syntax checking information may be incorrect. [C:\Users\brade\OneDrive\Documents\Vivado\CSE 100\Lab 6\Lab 6.srcs\sources_1\new\system_fsm.v:]
ERROR: [Common 17-180] Spawn failed: No error
WARNING: [filemgmt 56-199] Attempt to get parsing info during refresh. "On-the-fly" syntax checking information may be incorrect. [C:\Users\brade\OneDrive\Documents\Vivado\CSE 100\Lab 6\Lab 6.srcs\sources_1\new\topLevel.v:]
WARNING: [filemgmt 56-199] Attempt to get parsing info during refresh. "On-the-fly" syntax checking information may be incorrect. [C:\Users\brade\OneDrive\Documents\Vivado\CSE 100\Lab 6\Lab 6.srcs\sources_1\new\system_fsm.v:]
ERROR: [Common 17-180] Spawn failed: No error
WARNING: [filemgmt 56-199] Attempt to get parsing info during refresh. "On-the-fly" syntax checking information may be incorrect. [C:\Users\brade\OneDrive\Documents\Vivado\CSE 100\Lab 6\Lab 6.srcs\sources_1\new\topLevel.v:]
WARNING: [filemgmt 56-199] Attempt to get parsing info during refresh. "On-the-fly" syntax checking information may be incorrect. [C:\Users\brade\OneDrive\Documents\Vivado\CSE 100\Lab 6\Lab 6.srcs\sources_1\new\system_fsm.v:]
ERROR: [Common 17-180] Spawn failed: No error
WARNING: [filemgmt 56-199] Attempt to get parsing info during refresh. "On-the-fly" syntax checking information may be incorrect. [C:\Users\brade\OneDrive\Documents\Vivado\CSE 100\Lab 6\Lab 6.srcs\sources_1\new\topLevel.v:]
WARNING: [filemgmt 56-199] Attempt to get parsing info during refresh. "On-the-fly" syntax checking information may be incorrect. [C:\Users\brade\OneDrive\Documents\Vivado\CSE 100\Lab 6\Lab 6.srcs\sources_1\new\system_fsm.v:]
ERROR: [Common 17-180] Spawn failed: No error
WARNING: [filemgmt 56-199] Attempt to get parsing info during refresh. "On-the-fly" syntax checking information may be incorrect. [C:\Users\brade\OneDrive\Documents\Vivado\CSE 100\Lab 6\Lab 6.srcs\sources_1\new\topLevel.v:]
WARNING: [filemgmt 56-199] Attempt to get parsing info during refresh. "On-the-fly" syntax checking information may be incorrect. [C:\Users\brade\OneDrive\Documents\Vivado\CSE 100\Lab 6\Lab 6.srcs\sources_1\new\system_fsm.v:]
ERROR: [Common 17-180] Spawn failed: No error
reset_run synth_1
INFO: [Project 1-1161] Replacing file C:/Users/brade/OneDrive/Documents/Vivado/CSE 100/Lab 6/Lab 6.srcs/utils_1/imports/synth_1/top.dcp with file C:/Users/brade/OneDrive/Documents/Vivado/CSE 100/Lab 6/Lab 6.runs/synth_1/topLevel.dcp
launch_runs impl_1 -to_step write_bitstream -jobs 12
[Sun Nov 30 20:55:31 2025] Launched synth_1...
Run output will be captured here: C:/Users/brade/OneDrive/Documents/Vivado/CSE 100/Lab 6/Lab 6.runs/synth_1/runme.log
[Sun Nov 30 20:55:31 2025] Launched impl_1...
Run output will be captured here: C:/Users/brade/OneDrive/Documents/Vivado/CSE 100/Lab 6/Lab 6.runs/impl_1/runme.log
WARNING: [filemgmt 56-199] Attempt to get parsing info during refresh. "On-the-fly" syntax checking information may be incorrect. [C:\Users\brade\OneDrive\Documents\Vivado\CSE 100\Lab 6\Lab 6.srcs\sources_1\new\topLevel.v:]
WARNING: [filemgmt 56-199] Attempt to get parsing info during refresh. "On-the-fly" syntax checking information may be incorrect. [C:\Users\brade\OneDrive\Documents\Vivado\CSE 100\Lab 6\Lab 6.srcs\sources_1\new\system_fsm.v:]
ERROR: [Common 17-180] Spawn failed: No error
open_hw_manager
connect_hw_server -allow_non_jtag
INFO: [Labtools 27-2285] Connecting to hw_server url TCP:localhost:3121
INFO: [Labtools 27-2222] Launching hw_server...
INFO: [Labtools 27-2221] Launch Output:
ECHO is off.
ECHO is off.

****** Xilinx hw_server v2023.2
  **** Build date : Oct 13 2023 at 21:31:40
    ** Copyright 1986-2022 Xilinx, Inc. All Rights Reserved.


INFO: [Labtools 27-3415] Connecting to cs_server url TCP:localhost:0
INFO: [Labtools 27-3417] Launching cs_server...
INFO: [Labtools 27-2221] Launch Output:
ECHO is off.
ECHO is off.


******** Xilinx cs_server v2023.2.0
  ****** Build date   : Oct 09 2023-21:01:56
    **** Build number : 2023.2.1696910516
      ** Copyright 2017-2022 Xilinx, Inc. All Rights Reserved.
      ** Copyright 2022-2025 Advanced Micro Devices, Inc. All Rights Reserved.



connect_hw_server: Time (s): cpu = 00:00:01 ; elapsed = 00:00:06 . Memory (MB): peak = 1694.043 ; gain = 0.000
open_hw_target
INFO: [Labtoolstcl 44-466] Opening hw_target localhost:3121/xilinx_tcf/Digilent/210183BD3BE1A
set_property PROGRAM.FILE {C:/Users/brade/OneDrive/Documents/Vivado/CSE 100/Lab 6/Lab 6.runs/impl_1/topLevel.bit} [get_hw_devices xc7a35t_0]
current_hw_device [get_hw_devices xc7a35t_0]
refresh_hw_device -update_hw_probes false [lindex [get_hw_devices xc7a35t_0] 0]
INFO: [Labtools 27-1434] Device xc7a35t (JTAG device index = 0) is programmed with a design that has no supported debug core(s) in it.
set_property PROBES.FILE {} [get_hw_devices xc7a35t_0]
set_property FULL_PROBES.FILE {} [get_hw_devices xc7a35t_0]
set_property PROGRAM.FILE {C:/Users/brade/OneDrive/Documents/Vivado/CSE 100/Lab 6/Lab 6.runs/impl_1/topLevel.bit} [get_hw_devices xc7a35t_0]
program_hw_devices [get_hw_devices xc7a35t_0]
INFO: [Labtools 27-3164] End of startup status: HIGH
refresh_hw_device [lindex [get_hw_devices xc7a35t_0] 0]
INFO: [Labtools 27-1434] Device xc7a35t (JTAG device index = 0) is programmed with a design that has no supported debug core(s) in it.
WARNING: [filemgmt 56-199] Attempt to get parsing info during refresh. "On-the-fly" syntax checking information may be incorrect. [C:\Users\brade\OneDrive\Documents\Vivado\CSE 100\Lab 6\Lab 6.srcs\sources_1\new\topLevel.v:]
WARNING: [filemgmt 56-199] Attempt to get parsing info during refresh. "On-the-fly" syntax checking information may be incorrect. [C:\Users\brade\OneDrive\Documents\Vivado\CSE 100\Lab 6\Lab 6.srcs\sources_1\new\system_fsm.v:]
ERROR: [Common 17-180] Spawn failed: No error
reset_run synth_1
INFO: [Project 1-1161] Replacing file C:/Users/brade/OneDrive/Documents/Vivado/CSE 100/Lab 6/Lab 6.srcs/utils_1/imports/synth_1/top.dcp with file C:/Users/brade/OneDrive/Documents/Vivado/CSE 100/Lab 6/Lab 6.runs/synth_1/topLevel.dcp
launch_runs impl_1 -to_step write_bitstream -jobs 12
[Sun Nov 30 20:59:56 2025] Launched synth_1...
Run output will be captured here: C:/Users/brade/OneDrive/Documents/Vivado/CSE 100/Lab 6/Lab 6.runs/synth_1/runme.log
[Sun Nov 30 20:59:56 2025] Launched impl_1...
Run output will be captured here: C:/Users/brade/OneDrive/Documents/Vivado/CSE 100/Lab 6/Lab 6.runs/impl_1/runme.log
WARNING: [filemgmt 56-199] Attempt to get parsing info during refresh. "On-the-fly" syntax checking information may be incorrect. [C:\Users\brade\OneDrive\Documents\Vivado\CSE 100\Lab 6\Lab 6.srcs\sources_1\new\topLevel.v:]
WARNING: [filemgmt 56-199] Attempt to get parsing info during refresh. "On-the-fly" syntax checking information may be incorrect. [C:\Users\brade\OneDrive\Documents\Vivado\CSE 100\Lab 6\Lab 6.srcs\sources_1\new\system_fsm.v:]
ERROR: [Common 17-180] Spawn failed: No error
set_property PROBES.FILE {} [get_hw_devices xc7a35t_0]
set_property FULL_PROBES.FILE {} [get_hw_devices xc7a35t_0]
set_property PROGRAM.FILE {C:/Users/brade/OneDrive/Documents/Vivado/CSE 100/Lab 6/Lab 6.runs/impl_1/topLevel.bit} [get_hw_devices xc7a35t_0]
program_hw_devices [get_hw_devices xc7a35t_0]
INFO: [Labtools 27-3164] End of startup status: HIGH
refresh_hw_device [lindex [get_hw_devices xc7a35t_0] 0]
INFO: [Labtools 27-1434] Device xc7a35t (JTAG device index = 0) is programmed with a design that has no supported debug core(s) in it.
WARNING: [filemgmt 56-199] Attempt to get parsing info during refresh. "On-the-fly" syntax checking information may be incorrect. [C:\Users\brade\OneDrive\Documents\Vivado\CSE 100\Lab 6\Lab 6.srcs\sources_1\new\topLevel.v:]
WARNING: [filemgmt 56-199] Attempt to get parsing info during refresh. "On-the-fly" syntax checking information may be incorrect. [C:\Users\brade\OneDrive\Documents\Vivado\CSE 100\Lab 6\Lab 6.srcs\sources_1\new\system_fsm.v:]
ERROR: [Common 17-180] Spawn failed: No error
WARNING: [filemgmt 56-199] Attempt to get parsing info during refresh. "On-the-fly" syntax checking information may be incorrect. [C:\Users\brade\OneDrive\Documents\Vivado\CSE 100\Lab 6\Lab 6.srcs\sources_1\new\topLevel.v:]
WARNING: [filemgmt 56-199] Attempt to get parsing info during refresh. "On-the-fly" syntax checking information may be incorrect. [C:\Users\brade\OneDrive\Documents\Vivado\CSE 100\Lab 6\Lab 6.srcs\sources_1\new\system_fsm.v:]
ERROR: [Common 17-180] Spawn failed: No error
reset_run synth_1
INFO: [Project 1-1161] Replacing file C:/Users/brade/OneDrive/Documents/Vivado/CSE 100/Lab 6/Lab 6.srcs/utils_1/imports/synth_1/top.dcp with file C:/Users/brade/OneDrive/Documents/Vivado/CSE 100/Lab 6/Lab 6.runs/synth_1/topLevel.dcp
launch_runs impl_1 -to_step write_bitstream -jobs 12
[Sun Nov 30 21:07:46 2025] Launched synth_1...
Run output will be captured here: C:/Users/brade/OneDrive/Documents/Vivado/CSE 100/Lab 6/Lab 6.runs/synth_1/runme.log
[Sun Nov 30 21:07:46 2025] Launched impl_1...
Run output will be captured here: C:/Users/brade/OneDrive/Documents/Vivado/CSE 100/Lab 6/Lab 6.runs/impl_1/runme.log
WARNING: [filemgmt 56-199] Attempt to get parsing info during refresh. "On-the-fly" syntax checking information may be incorrect. [C:\Users\brade\OneDrive\Documents\Vivado\CSE 100\Lab 6\Lab 6.srcs\sources_1\new\topLevel.v:]
WARNING: [filemgmt 56-199] Attempt to get parsing info during refresh. "On-the-fly" syntax checking information may be incorrect. [C:\Users\brade\OneDrive\Documents\Vivado\CSE 100\Lab 6\Lab 6.srcs\sources_1\new\system_fsm.v:]
ERROR: [Common 17-180] Spawn failed: No error
set_property PROBES.FILE {} [get_hw_devices xc7a35t_0]
set_property FULL_PROBES.FILE {} [get_hw_devices xc7a35t_0]
set_property PROGRAM.FILE {C:/Users/brade/OneDrive/Documents/Vivado/CSE 100/Lab 6/Lab 6.runs/impl_1/topLevel.bit} [get_hw_devices xc7a35t_0]
program_hw_devices [get_hw_devices xc7a35t_0]
INFO: [Labtools 27-3164] End of startup status: HIGH
refresh_hw_device [lindex [get_hw_devices xc7a35t_0] 0]
INFO: [Labtools 27-1434] Device xc7a35t (JTAG device index = 0) is programmed with a design that has no supported debug core(s) in it.
WARNING: [filemgmt 56-199] Attempt to get parsing info during refresh. "On-the-fly" syntax checking information may be incorrect. [C:\Users\brade\OneDrive\Documents\Vivado\CSE 100\Lab 6\Lab 6.srcs\sources_1\new\topLevel.v:]
WARNING: [filemgmt 56-199] Attempt to get parsing info during refresh. "On-the-fly" syntax checking information may be incorrect. [C:\Users\brade\OneDrive\Documents\Vivado\CSE 100\Lab 6\Lab 6.srcs\sources_1\new\system_fsm.v:]
ERROR: [Common 17-180] Spawn failed: No error
WARNING: [filemgmt 56-199] Attempt to get parsing info during refresh. "On-the-fly" syntax checking information may be incorrect. [C:\Users\brade\OneDrive\Documents\Vivado\CSE 100\Lab 6\Lab 6.srcs\sources_1\new\topLevel.v:]
WARNING: [filemgmt 56-199] Attempt to get parsing info during refresh. "On-the-fly" syntax checking information may be incorrect. [C:\Users\brade\OneDrive\Documents\Vivado\CSE 100\Lab 6\Lab 6.srcs\sources_1\new\system_fsm.v:]
ERROR: [Common 17-180] Spawn failed: No error
WARNING: [filemgmt 56-199] Attempt to get parsing info during refresh. "On-the-fly" syntax checking information may be incorrect. [C:\Users\brade\OneDrive\Documents\Vivado\CSE 100\Lab 6\Lab 6.srcs\sources_1\new\topLevel.v:]
WARNING: [filemgmt 56-199] Attempt to get parsing info during refresh. "On-the-fly" syntax checking information may be incorrect. [C:\Users\brade\OneDrive\Documents\Vivado\CSE 100\Lab 6\Lab 6.srcs\sources_1\new\system_fsm.v:]
ERROR: [Common 17-180] Spawn failed: No error
WARNING: [filemgmt 56-199] Attempt to get parsing info during refresh. "On-the-fly" syntax checking information may be incorrect. [C:\Users\brade\OneDrive\Documents\Vivado\CSE 100\Lab 6\Lab 6.srcs\sources_1\new\topLevel.v:]
WARNING: [filemgmt 56-199] Attempt to get parsing info during refresh. "On-the-fly" syntax checking information may be incorrect. [C:\Users\brade\OneDrive\Documents\Vivado\CSE 100\Lab 6\Lab 6.srcs\sources_1\new\system_fsm.v:]
ERROR: [Common 17-180] Spawn failed: No error
reset_run synth_1
INFO: [Project 1-1161] Replacing file C:/Users/brade/OneDrive/Documents/Vivado/CSE 100/Lab 6/Lab 6.srcs/utils_1/imports/synth_1/top.dcp with file C:/Users/brade/OneDrive/Documents/Vivado/CSE 100/Lab 6/Lab 6.runs/synth_1/topLevel.dcp
launch_runs impl_1 -to_step write_bitstream -jobs 12
[Sun Nov 30 21:15:21 2025] Launched synth_1...
Run output will be captured here: C:/Users/brade/OneDrive/Documents/Vivado/CSE 100/Lab 6/Lab 6.runs/synth_1/runme.log
[Sun Nov 30 21:15:21 2025] Launched impl_1...
Run output will be captured here: C:/Users/brade/OneDrive/Documents/Vivado/CSE 100/Lab 6/Lab 6.runs/impl_1/runme.log
WARNING: [filemgmt 56-199] Attempt to get parsing info during refresh. "On-the-fly" syntax checking information may be incorrect. [C:\Users\brade\OneDrive\Documents\Vivado\CSE 100\Lab 6\Lab 6.srcs\sources_1\new\topLevel.v:]
WARNING: [filemgmt 56-199] Attempt to get parsing info during refresh. "On-the-fly" syntax checking information may be incorrect. [C:\Users\brade\OneDrive\Documents\Vivado\CSE 100\Lab 6\Lab 6.srcs\sources_1\new\system_fsm.v:]
ERROR: [Common 17-180] Spawn failed: No error
WARNING: [filemgmt 56-199] Attempt to get parsing info during refresh. "On-the-fly" syntax checking information may be incorrect. [C:\Users\brade\OneDrive\Documents\Vivado\CSE 100\Lab 6\Lab 6.srcs\sources_1\new\topLevel.v:]
WARNING: [filemgmt 56-199] Attempt to get parsing info during refresh. "On-the-fly" syntax checking information may be incorrect. [C:\Users\brade\OneDrive\Documents\Vivado\CSE 100\Lab 6\Lab 6.srcs\sources_1\new\system_fsm.v:]
ERROR: [Common 17-180] Spawn failed: No error
reset_run synth_1
launch_runs impl_1 -to_step write_bitstream -jobs 12
[Sun Nov 30 21:16:04 2025] Launched synth_1...
Run output will be captured here: C:/Users/brade/OneDrive/Documents/Vivado/CSE 100/Lab 6/Lab 6.runs/synth_1/runme.log
[Sun Nov 30 21:16:04 2025] Launched impl_1...
Run output will be captured here: C:/Users/brade/OneDrive/Documents/Vivado/CSE 100/Lab 6/Lab 6.runs/impl_1/runme.log
WARNING: [filemgmt 56-199] Attempt to get parsing info during refresh. "On-the-fly" syntax checking information may be incorrect. [C:\Users\brade\OneDrive\Documents\Vivado\CSE 100\Lab 6\Lab 6.srcs\sources_1\new\topLevel.v:]
WARNING: [filemgmt 56-199] Attempt to get parsing info during refresh. "On-the-fly" syntax checking information may be incorrect. [C:\Users\brade\OneDrive\Documents\Vivado\CSE 100\Lab 6\Lab 6.srcs\sources_1\new\system_fsm.v:]
ERROR: [Common 17-180] Spawn failed: No error
reset_run synth_1
WARNING: [Vivado 12-1017] Problems encountered:
1. Failed to delete one or more files in run directory C:/Users/brade/OneDrive/Documents/Vivado/CSE 100/Lab 6/Lab 6.runs/synth_1

WARNING: [filemgmt 56-199] Attempt to get parsing info during refresh. "On-the-fly" syntax checking information may be incorrect. [C:\Users\brade\OneDrive\Documents\Vivado\CSE 100\Lab 6\Lab 6.srcs\sources_1\new\topLevel.v:]
WARNING: [filemgmt 56-199] Attempt to get parsing info during refresh. "On-the-fly" syntax checking information may be incorrect. [C:\Users\brade\OneDrive\Documents\Vivado\CSE 100\Lab 6\Lab 6.srcs\sources_1\new\system_fsm.v:]
ERROR: [Common 17-180] Spawn failed: No error
WARNING: [filemgmt 56-199] Attempt to get parsing info during refresh. "On-the-fly" syntax checking information may be incorrect. [C:\Users\brade\OneDrive\Documents\Vivado\CSE 100\Lab 6\Lab 6.srcs\sources_1\new\topLevel.v:]
WARNING: [filemgmt 56-199] Attempt to get parsing info during refresh. "On-the-fly" syntax checking information may be incorrect. [C:\Users\brade\OneDrive\Documents\Vivado\CSE 100\Lab 6\Lab 6.srcs\sources_1\new\system_fsm.v:]
ERROR: [Common 17-180] Spawn failed: No error
launch_runs impl_1 -to_step write_bitstream -jobs 12
[Sun Nov 30 21:16:42 2025] Launched synth_1...
Run output will be captured here: C:/Users/brade/OneDrive/Documents/Vivado/CSE 100/Lab 6/Lab 6.runs/synth_1/runme.log
[Sun Nov 30 21:16:42 2025] Launched impl_1...
Run output will be captured here: C:/Users/brade/OneDrive/Documents/Vivado/CSE 100/Lab 6/Lab 6.runs/impl_1/runme.log
set_property PROBES.FILE {} [get_hw_devices xc7a35t_0]
set_property FULL_PROBES.FILE {} [get_hw_devices xc7a35t_0]
set_property PROGRAM.FILE {C:/Users/brade/OneDrive/Documents/Vivado/CSE 100/Lab 6/Lab 6.runs/impl_1/topLevel.bit} [get_hw_devices xc7a35t_0]
program_hw_devices [get_hw_devices xc7a35t_0]
INFO: [Labtools 27-3164] End of startup status: HIGH
refresh_hw_device [lindex [get_hw_devices xc7a35t_0] 0]
INFO: [Labtools 27-1434] Device xc7a35t (JTAG device index = 0) is programmed with a design that has no supported debug core(s) in it.
WARNING: [filemgmt 56-199] Attempt to get parsing info during refresh. "On-the-fly" syntax checking information may be incorrect. [C:\Users\brade\OneDrive\Documents\Vivado\CSE 100\Lab 6\Lab 6.srcs\sources_1\new\topLevel.v:]
WARNING: [filemgmt 56-199] Attempt to get parsing info during refresh. "On-the-fly" syntax checking information may be incorrect. [C:\Users\brade\OneDrive\Documents\Vivado\CSE 100\Lab 6\Lab 6.srcs\sources_1\new\system_fsm.v:]
ERROR: [Common 17-180] Spawn failed: No error
reset_run synth_1
INFO: [Project 1-1161] Replacing file C:/Users/brade/OneDrive/Documents/Vivado/CSE 100/Lab 6/Lab 6.srcs/utils_1/imports/synth_1/top.dcp with file C:/Users/brade/OneDrive/Documents/Vivado/CSE 100/Lab 6/Lab 6.runs/synth_1/topLevel.dcp
launch_runs impl_1 -to_step write_bitstream -jobs 12
[Sun Nov 30 21:28:56 2025] Launched synth_1...
Run output will be captured here: C:/Users/brade/OneDrive/Documents/Vivado/CSE 100/Lab 6/Lab 6.runs/synth_1/runme.log
[Sun Nov 30 21:28:56 2025] Launched impl_1...
Run output will be captured here: C:/Users/brade/OneDrive/Documents/Vivado/CSE 100/Lab 6/Lab 6.runs/impl_1/runme.log
WARNING: [filemgmt 56-199] Attempt to get parsing info during refresh. "On-the-fly" syntax checking information may be incorrect. [C:\Users\brade\OneDrive\Documents\Vivado\CSE 100\Lab 6\Lab 6.srcs\sources_1\new\topLevel.v:]
WARNING: [filemgmt 56-199] Attempt to get parsing info during refresh. "On-the-fly" syntax checking information may be incorrect. [C:\Users\brade\OneDrive\Documents\Vivado\CSE 100\Lab 6\Lab 6.srcs\sources_1\new\system_fsm.v:]
ERROR: [Common 17-180] Spawn failed: No error
WARNING: [filemgmt 56-199] Attempt to get parsing info during refresh. "On-the-fly" syntax checking information may be incorrect. [C:\Users\brade\OneDrive\Documents\Vivado\CSE 100\Lab 6\Lab 6.srcs\sources_1\new\topLevel.v:]
WARNING: [filemgmt 56-199] Attempt to get parsing info during refresh. "On-the-fly" syntax checking information may be incorrect. [C:\Users\brade\OneDrive\Documents\Vivado\CSE 100\Lab 6\Lab 6.srcs\sources_1\new\system_fsm.v:]
ERROR: [Common 17-180] Spawn failed: No error
WARNING: [filemgmt 56-199] Attempt to get parsing info during refresh. "On-the-fly" syntax checking information may be incorrect. [C:\Users\brade\OneDrive\Documents\Vivado\CSE 100\Lab 6\Lab 6.srcs\sources_1\new\topLevel.v:]
WARNING: [filemgmt 56-199] Attempt to get parsing info during refresh. "On-the-fly" syntax checking information may be incorrect. [C:\Users\brade\OneDrive\Documents\Vivado\CSE 100\Lab 6\Lab 6.srcs\sources_1\new\system_fsm.v:]
ERROR: [Common 17-180] Spawn failed: No error
reset_run impl_1
reset_run synth_1
INFO: [Project 1-1161] Replacing file C:/Users/brade/OneDrive/Documents/Vivado/CSE 100/Lab 6/Lab 6.srcs/utils_1/imports/synth_1/top.dcp with file C:/Users/brade/OneDrive/Documents/Vivado/CSE 100/Lab 6/Lab 6.runs/synth_1/topLevel.dcp
launch_runs impl_1 -to_step write_bitstream -jobs 12
[Sun Nov 30 21:30:13 2025] Launched synth_1...
Run output will be captured here: C:/Users/brade/OneDrive/Documents/Vivado/CSE 100/Lab 6/Lab 6.runs/synth_1/runme.log
[Sun Nov 30 21:30:13 2025] Launched impl_1...
Run output will be captured here: C:/Users/brade/OneDrive/Documents/Vivado/CSE 100/Lab 6/Lab 6.runs/impl_1/runme.log
WARNING: [filemgmt 56-199] Attempt to get parsing info during refresh. "On-the-fly" syntax checking information may be incorrect. [C:\Users\brade\OneDrive\Documents\Vivado\CSE 100\Lab 6\Lab 6.srcs\sources_1\new\topLevel.v:]
WARNING: [filemgmt 56-199] Attempt to get parsing info during refresh. "On-the-fly" syntax checking information may be incorrect. [C:\Users\brade\OneDrive\Documents\Vivado\CSE 100\Lab 6\Lab 6.srcs\sources_1\new\system_fsm.v:]
ERROR: [Common 17-180] Spawn failed: No error
set_property PROBES.FILE {} [get_hw_devices xc7a35t_0]
set_property FULL_PROBES.FILE {} [get_hw_devices xc7a35t_0]
set_property PROGRAM.FILE {C:/Users/brade/OneDrive/Documents/Vivado/CSE 100/Lab 6/Lab 6.runs/impl_1/topLevel.bit} [get_hw_devices xc7a35t_0]
program_hw_devices [get_hw_devices xc7a35t_0]
INFO: [Labtools 27-3164] End of startup status: HIGH
refresh_hw_device [lindex [get_hw_devices xc7a35t_0] 0]
INFO: [Labtools 27-1434] Device xc7a35t (JTAG device index = 0) is programmed with a design that has no supported debug core(s) in it.
WARNING: [filemgmt 56-199] Attempt to get parsing info during refresh. "On-the-fly" syntax checking information may be incorrect. [C:\Users\brade\OneDrive\Documents\Vivado\CSE 100\Lab 6\Lab 6.srcs\sources_1\new\topLevel.v:]
WARNING: [filemgmt 56-199] Attempt to get parsing info during refresh. "On-the-fly" syntax checking information may be incorrect. [C:\Users\brade\OneDrive\Documents\Vivado\CSE 100\Lab 6\Lab 6.srcs\sources_1\new\system_fsm.v:]
ERROR: [Common 17-180] Spawn failed: No error
WARNING: [filemgmt 56-199] Attempt to get parsing info during refresh. "On-the-fly" syntax checking information may be incorrect. [C:\Users\brade\OneDrive\Documents\Vivado\CSE 100\Lab 6\Lab 6.srcs\sources_1\new\topLevel.v:]
WARNING: [filemgmt 56-199] Attempt to get parsing info during refresh. "On-the-fly" syntax checking information may be incorrect. [C:\Users\brade\OneDrive\Documents\Vivado\CSE 100\Lab 6\Lab 6.srcs\sources_1\new\system_fsm.v:]
ERROR: [Common 17-180] Spawn failed: No error
WARNING: [filemgmt 56-199] Attempt to get parsing info during refresh. "On-the-fly" syntax checking information may be incorrect. [C:\Users\brade\OneDrive\Documents\Vivado\CSE 100\Lab 6\Lab 6.srcs\sources_1\new\topLevel.v:]
WARNING: [filemgmt 56-199] Attempt to get parsing info during refresh. "On-the-fly" syntax checking information may be incorrect. [C:\Users\brade\OneDrive\Documents\Vivado\CSE 100\Lab 6\Lab 6.srcs\sources_1\new\system_fsm.v:]
ERROR: [Common 17-180] Spawn failed: No error
WARNING: [filemgmt 56-199] Attempt to get parsing info during refresh. "On-the-fly" syntax checking information may be incorrect. [C:\Users\brade\OneDrive\Documents\Vivado\CSE 100\Lab 6\Lab 6.srcs\sources_1\new\topLevel.v:]
WARNING: [filemgmt 56-199] Attempt to get parsing info during refresh. "On-the-fly" syntax checking information may be incorrect. [C:\Users\brade\OneDrive\Documents\Vivado\CSE 100\Lab 6\Lab 6.srcs\sources_1\new\system_fsm.v:]
ERROR: [Common 17-180] Spawn failed: No error
reset_run synth_1
INFO: [Project 1-1161] Replacing file C:/Users/brade/OneDrive/Documents/Vivado/CSE 100/Lab 6/Lab 6.srcs/utils_1/imports/synth_1/top.dcp with file C:/Users/brade/OneDrive/Documents/Vivado/CSE 100/Lab 6/Lab 6.runs/synth_1/topLevel.dcp
launch_runs impl_1 -to_step write_bitstream -jobs 12
[Sun Nov 30 21:41:04 2025] Launched synth_1...
Run output will be captured here: C:/Users/brade/OneDrive/Documents/Vivado/CSE 100/Lab 6/Lab 6.runs/synth_1/runme.log
[Sun Nov 30 21:41:04 2025] Launched impl_1...
Run output will be captured here: C:/Users/brade/OneDrive/Documents/Vivado/CSE 100/Lab 6/Lab 6.runs/impl_1/runme.log
WARNING: [filemgmt 56-199] Attempt to get parsing info during refresh. "On-the-fly" syntax checking information may be incorrect. [C:\Users\brade\OneDrive\Documents\Vivado\CSE 100\Lab 6\Lab 6.srcs\sources_1\new\topLevel.v:]
WARNING: [filemgmt 56-199] Attempt to get parsing info during refresh. "On-the-fly" syntax checking information may be incorrect. [C:\Users\brade\OneDrive\Documents\Vivado\CSE 100\Lab 6\Lab 6.srcs\sources_1\new\system_fsm.v:]
ERROR: [Common 17-180] Spawn failed: No error
reset_run synth_1
WARNING: [Vivado 12-1017] Problems encountered:
1. PID not specified

WARNING: [filemgmt 56-199] Attempt to get parsing info during refresh. "On-the-fly" syntax checking information may be incorrect. [C:\Users\brade\OneDrive\Documents\Vivado\CSE 100\Lab 6\Lab 6.srcs\sources_1\new\topLevel.v:]
WARNING: [filemgmt 56-199] Attempt to get parsing info during refresh. "On-the-fly" syntax checking information may be incorrect. [C:\Users\brade\OneDrive\Documents\Vivado\CSE 100\Lab 6\Lab 6.srcs\sources_1\new\system_fsm.v:]
ERROR: [Common 17-180] Spawn failed: No error
WARNING: [filemgmt 56-199] Attempt to get parsing info during refresh. "On-the-fly" syntax checking information may be incorrect. [C:\Users\brade\OneDrive\Documents\Vivado\CSE 100\Lab 6\Lab 6.srcs\sources_1\new\topLevel.v:]
WARNING: [filemgmt 56-199] Attempt to get parsing info during refresh. "On-the-fly" syntax checking information may be incorrect. [C:\Users\brade\OneDrive\Documents\Vivado\CSE 100\Lab 6\Lab 6.srcs\sources_1\new\system_fsm.v:]
ERROR: [Common 17-180] Spawn failed: No error
launch_runs impl_1 -to_step write_bitstream -jobs 12
[Sun Nov 30 21:41:49 2025] Launched synth_1...
Run output will be captured here: C:/Users/brade/OneDrive/Documents/Vivado/CSE 100/Lab 6/Lab 6.runs/synth_1/runme.log
[Sun Nov 30 21:41:49 2025] Launched impl_1...
Run output will be captured here: C:/Users/brade/OneDrive/Documents/Vivado/CSE 100/Lab 6/Lab 6.runs/impl_1/runme.log
set_property PROBES.FILE {} [get_hw_devices xc7a35t_0]
set_property FULL_PROBES.FILE {} [get_hw_devices xc7a35t_0]
set_property PROGRAM.FILE {C:/Users/brade/OneDrive/Documents/Vivado/CSE 100/Lab 6/Lab 6.runs/impl_1/topLevel.bit} [get_hw_devices xc7a35t_0]
program_hw_devices [get_hw_devices xc7a35t_0]
INFO: [Labtools 27-3164] End of startup status: HIGH
refresh_hw_device [lindex [get_hw_devices xc7a35t_0] 0]
INFO: [Labtools 27-1434] Device xc7a35t (JTAG device index = 0) is programmed with a design that has no supported debug core(s) in it.
WARNING: [filemgmt 56-199] Attempt to get parsing info during refresh. "On-the-fly" syntax checking information may be incorrect. [C:\Users\brade\OneDrive\Documents\Vivado\CSE 100\Lab 6\Lab 6.srcs\sources_1\new\topLevel.v:]
WARNING: [filemgmt 56-199] Attempt to get parsing info during refresh. "On-the-fly" syntax checking information may be incorrect. [C:\Users\brade\OneDrive\Documents\Vivado\CSE 100\Lab 6\Lab 6.srcs\sources_1\new\system_fsm.v:]
ERROR: [Common 17-180] Spawn failed: No error
reset_run synth_1
INFO: [Project 1-1161] Replacing file C:/Users/brade/OneDrive/Documents/Vivado/CSE 100/Lab 6/Lab 6.srcs/utils_1/imports/synth_1/top.dcp with file C:/Users/brade/OneDrive/Documents/Vivado/CSE 100/Lab 6/Lab 6.runs/synth_1/topLevel.dcp
launch_runs impl_1 -to_step write_bitstream -jobs 12
[Sun Nov 30 21:43:54 2025] Launched synth_1...
Run output will be captured here: C:/Users/brade/OneDrive/Documents/Vivado/CSE 100/Lab 6/Lab 6.runs/synth_1/runme.log
[Sun Nov 30 21:43:54 2025] Launched impl_1...
Run output will be captured here: C:/Users/brade/OneDrive/Documents/Vivado/CSE 100/Lab 6/Lab 6.runs/impl_1/runme.log
WARNING: [filemgmt 56-199] Attempt to get parsing info during refresh. "On-the-fly" syntax checking information may be incorrect. [C:\Users\brade\OneDrive\Documents\Vivado\CSE 100\Lab 6\Lab 6.srcs\sources_1\new\topLevel.v:]
WARNING: [filemgmt 56-199] Attempt to get parsing info during refresh. "On-the-fly" syntax checking information may be incorrect. [C:\Users\brade\OneDrive\Documents\Vivado\CSE 100\Lab 6\Lab 6.srcs\sources_1\new\system_fsm.v:]
ERROR: [Common 17-180] Spawn failed: No error
set_property PROBES.FILE {} [get_hw_devices xc7a35t_0]
set_property FULL_PROBES.FILE {} [get_hw_devices xc7a35t_0]
set_property PROGRAM.FILE {C:/Users/brade/OneDrive/Documents/Vivado/CSE 100/Lab 6/Lab 6.runs/impl_1/topLevel.bit} [get_hw_devices xc7a35t_0]
program_hw_devices [get_hw_devices xc7a35t_0]
INFO: [Labtools 27-3164] End of startup status: HIGH
refresh_hw_device [lindex [get_hw_devices xc7a35t_0] 0]
INFO: [Labtools 27-1434] Device xc7a35t (JTAG device index = 0) is programmed with a design that has no supported debug core(s) in it.
archive_project {C:/Users/brade/OneDrive/Documents/Vivado/CSE 100/Lab 6.xpr.zip} -temp_dir {C:/Users/brade/OneDrive/Documents/Vivado/CSE 100/Lab 6/.Xil/Vivado-22712-BRAXTON_XL} -force -include_local_ip_cache
INFO: [Coretcl 2-137] starting archive...
INFO: [Coretcl 2-1499] Saving project copy to temporary location 'C:/Users/brade/OneDrive/Documents/Vivado/CSE 100/Lab 6/.Xil/Vivado-22712-BRAXTON_XL' for archiving project
INFO: [filemgmt 56-3] Default IP Output Path : Could not find the directory 'C:/Users/brade/OneDrive/Documents/Vivado/CSE 100/Lab 6/Lab 6.gen/sources_1'.
Scanning sources...
Finished scanning sources
INFO: [Coretcl 2-1211] Creating project copy for archival...
WARNING: [filemgmt 56-199] Attempt to get parsing info during refresh. "On-the-fly" syntax checking information may be incorrect. [C:\Users\brade\OneDrive\Documents\Vivado\CSE 100\Lab 6\Lab 6.srcs\sources_1\new\topLevel.v:]
WARNING: [filemgmt 56-199] Attempt to get parsing info during refresh. "On-the-fly" syntax checking information may be incorrect. [C:\Users\brade\OneDrive\Documents\Vivado\CSE 100\Lab 6\Lab 6.srcs\sources_1\new\system_fsm.v:]
ERROR: [Common 17-180] Spawn failed: No error
INFO: [ProjectBase 1-495] The host OS only allows 260 characters in a normal path. The project is stored in a path with more than 80 characters. If you experience any problem with archiving the project, please consider setting environment variable $TEMP to a shorter path.
Current project path is 'C:/Users/brade/OneDrive/Documents/Vivado/CSE 100/Lab 6/.Xil/Vivado-22712-BRAXTON_XL/PrjAr/_X_'.
WARNING: [filemgmt 56-199] Attempt to get parsing info during refresh. "On-the-fly" syntax checking information may be incorrect. [C:\Users\brade\OneDrive\Documents\Vivado\CSE 100\Lab 6\Lab 6.srcs\sources_1\new\topLevel.v:]
WARNING: [filemgmt 56-199] Attempt to get parsing info during refresh. "On-the-fly" syntax checking information may be incorrect. [C:\Users\brade\OneDrive\Documents\Vivado\CSE 100\Lab 6\Lab 6.srcs\sources_1\new\system_fsm.v:]
ERROR: [Common 17-180] Spawn failed: No error
WARNING: [IP_Flow 19-4995] The host OS only allows 260 characters in a normal path. The IP cache path is more than 80 characters. If you experience issues with IP caching, please consider changing the IP cache to a location with a shorter path. Alternately consider using the OS subst command to map part of the path to a drive letter. 
Current IP cache path is C:/Users/brade/OneDrive/Documents/Vivado/CSE 100/Lab 6/.Xil/Vivado-22712-BRAXTON_XL/PrjAr/_X_/Lab 6.cache/ip 
INFO: [Coretcl 2-1213] Including run results for 'synth_1'
INFO: [Coretcl 2-1213] Including run results for 'impl_1'
INFO: [Coretcl 2-1212] Importing remotely added design sources and verilog include files (if any)...
INFO: [filemgmt 20-334] All file(s) are already imported in fileset: 'constrs_1'
INFO: [filemgmt 20-348] Importing the appropriate files for fileset: 'constrs_1'
INFO: [filemgmt 20-334] All file(s) are already imported in fileset: 'sim_1'
INFO: [filemgmt 20-348] Importing the appropriate files for fileset: 'sim_1'
INFO: [filemgmt 20-348] Importing the appropriate files for fileset: 'sources_1'
INFO: [filemgmt 20-334] All file(s) are already imported in fileset: 'utils_1'
INFO: [filemgmt 20-348] Importing the appropriate files for fileset: 'utils_1'
INFO: [Coretcl 2-1209] Adding archive summary file to the project...
INFO: [Coretcl 2-1214] Preparing project files for archive...
WARNING: [filemgmt 56-199] Attempt to get parsing info during refresh. "On-the-fly" syntax checking information may be incorrect. [C:\Users\brade\OneDrive\Documents\Vivado\CSE 100\Lab 6\Lab 6.srcs\sources_1\new\topLevel.v:]
WARNING: [filemgmt 56-199] Attempt to get parsing info during refresh. "On-the-fly" syntax checking information may be incorrect. [C:\Users\brade\OneDrive\Documents\Vivado\CSE 100\Lab 6\Lab 6.srcs\sources_1\new\system_fsm.v:]
INFO: [Coretcl 2-1210] Compressing project files and data...
ERROR: [Common 17-180] Spawn failed: No error
INFO: [Common 17-41] Interrupt caught. Command should exit soon.
INFO: [Coretcl 2-228] (archive_project) Zip Compression - Archive aborted due to cancel operation
archive_project: Time (s): cpu = 00:01:05 ; elapsed = 00:01:16 . Memory (MB): peak = 1694.043 ; gain = 0.000
INFO: [Common 17-344] 'archive_project' was cancelled
reset_run impl_1 -prev_step 
launch_runs impl_1 -to_step write_bitstream -jobs 12
WARNING: [filemgmt 56-199] Attempt to get parsing info during refresh. "On-the-fly" syntax checking information may be incorrect. [C:\Users\brade\OneDrive\Documents\Vivado\CSE 100\Lab 6\Lab 6.srcs\sources_1\new\topLevel.v:]
WARNING: [filemgmt 56-199] Attempt to get parsing info during refresh. "On-the-fly" syntax checking information may be incorrect. [C:\Users\brade\OneDrive\Documents\Vivado\CSE 100\Lab 6\Lab 6.srcs\sources_1\new\system_fsm.v:]
WARNING: [filemgmt 56-199] Attempt to get parsing info during refresh. "On-the-fly" syntax checking information may be incorrect. [C:\Users\brade\OneDrive\Documents\Vivado\CSE 100\Lab 6\Lab 6.srcs\sources_1\new\game_visuals.v:]
[Sun Nov 30 21:51:31 2025] Launched impl_1...
Run output will be captured here: C:/Users/brade/OneDrive/Documents/Vivado/CSE 100/Lab 6/Lab 6.runs/impl_1/runme.log
WARNING: [filemgmt 56-199] Attempt to get parsing info during refresh. "On-the-fly" syntax checking information may be incorrect. [C:\Users\brade\OneDrive\Documents\Vivado\CSE 100\Lab 6\Lab 6.srcs\sources_1\new\topLevel.v:]
reset_run impl_1 -prev_step 
WARNING: [Vivado 12-1017] Problems encountered:
1. Couldn't access process for termination

reset_run impl_1 -prev_step 
WARNING: [Vivado 12-1017] Problems encountered:
1. Couldn't access process for termination

reset_run synth_1
INFO: [Project 1-1161] Replacing file C:/Users/brade/OneDrive/Documents/Vivado/CSE 100/Lab 6/Lab 6.srcs/utils_1/imports/synth_1/top.dcp with file C:/Users/brade/OneDrive/Documents/Vivado/CSE 100/Lab 6/Lab 6.runs/synth_1/topLevel.dcp
launch_runs impl_1 -to_step write_bitstream -jobs 12
[Sun Nov 30 21:51:55 2025] Launched synth_1...
Run output will be captured here: C:/Users/brade/OneDrive/Documents/Vivado/CSE 100/Lab 6/Lab 6.runs/synth_1/runme.log
[Sun Nov 30 21:51:55 2025] Launched impl_1...
Run output will be captured here: C:/Users/brade/OneDrive/Documents/Vivado/CSE 100/Lab 6/Lab 6.runs/impl_1/runme.log
WARNING: [filemgmt 56-199] Attempt to get parsing info during refresh. "On-the-fly" syntax checking information may be incorrect. [C:\Users\brade\OneDrive\Documents\Vivado\CSE 100\Lab 6\Lab 6.srcs\sources_1\new\topLevel.v:]
WARNING: [filemgmt 56-199] Attempt to get parsing info during refresh. "On-the-fly" syntax checking information may be incorrect. [C:\Users\brade\OneDrive\Documents\Vivado\CSE 100\Lab 6\Lab 6.srcs\sources_1\new\system_fsm.v:]
WARNING: [filemgmt 56-199] Attempt to get parsing info during refresh. "On-the-fly" syntax checking information may be incorrect. [C:\Users\brade\OneDrive\Documents\Vivado\CSE 100\Lab 6\Lab 6.srcs\sources_1\new\game_visuals.v:]
WARNING: [filemgmt 56-199] Attempt to get parsing info during refresh. "On-the-fly" syntax checking information may be incorrect. [C:\Users\brade\OneDrive\Documents\Vivado\CSE 100\Lab 6\Lab 6.srcs\sources_1\new\topLevel.v:]
WARNING: [filemgmt 56-199] Attempt to get parsing info during refresh. "On-the-fly" syntax checking information may be incorrect. [C:\Users\brade\OneDrive\Documents\Vivado\CSE 100\Lab 6\Lab 6.srcs\sources_1\new\system_fsm.v:]
WARNING: [filemgmt 56-199] Attempt to get parsing info during refresh. "On-the-fly" syntax checking information may be incorrect. [C:\Users\brade\OneDrive\Documents\Vivado\CSE 100\Lab 6\Lab 6.srcs\sources_1\new\game_visuals.v:]
set_property PROBES.FILE {} [get_hw_devices xc7a35t_0]
set_property FULL_PROBES.FILE {} [get_hw_devices xc7a35t_0]
set_property PROGRAM.FILE {C:/Users/brade/OneDrive/Documents/Vivado/CSE 100/Lab 6/Lab 6.runs/impl_1/topLevel.bit} [get_hw_devices xc7a35t_0]
program_hw_devices [get_hw_devices xc7a35t_0]
INFO: [Labtools 27-3164] End of startup status: HIGH
refresh_hw_device [lindex [get_hw_devices xc7a35t_0] 0]
INFO: [Labtools 27-1434] Device xc7a35t (JTAG device index = 0) is programmed with a design that has no supported debug core(s) in it.
archive_project {C:/Users/brade/OneDrive/Documents/Vivado/CSE 100/Lab 6.xpr.zip} -temp_dir {C:/Users/brade/OneDrive/Documents/Vivado/CSE 100/Lab 6/.Xil/Vivado-22712-BRAXTON_XL} -force -include_local_ip_cache
INFO: [Coretcl 2-137] starting archive...
INFO: [Coretcl 2-1499] Saving project copy to temporary location 'C:/Users/brade/OneDrive/Documents/Vivado/CSE 100/Lab 6/.Xil/Vivado-22712-BRAXTON_XL' for archiving project
INFO: [filemgmt 56-3] Default IP Output Path : Could not find the directory 'C:/Users/brade/OneDrive/Documents/Vivado/CSE 100/Lab 6/Lab 6.gen/sources_1'.
Scanning sources...
Finished scanning sources
INFO: [Coretcl 2-1211] Creating project copy for archival...
WARNING: [filemgmt 56-199] Attempt to get parsing info during refresh. "On-the-fly" syntax checking information may be incorrect. [C:\Users\brade\OneDrive\Documents\Vivado\CSE 100\Lab 6\Lab 6.srcs\sources_1\new\topLevel.v:]
WARNING: [filemgmt 56-199] Attempt to get parsing info during refresh. "On-the-fly" syntax checking information may be incorrect. [C:\Users\brade\OneDrive\Documents\Vivado\CSE 100\Lab 6\Lab 6.srcs\sources_1\new\system_fsm.v:]
WARNING: [filemgmt 56-199] Attempt to get parsing info during refresh. "On-the-fly" syntax checking information may be incorrect. [C:\Users\brade\OneDrive\Documents\Vivado\CSE 100\Lab 6\Lab 6.srcs\sources_1\new\game_visuals.v:]
WARNING: [filemgmt 56-199] Attempt to get parsing info during refresh. "On-the-fly" syntax checking information may be incorrect. [C:\Users\brade\OneDrive\Documents\Vivado\CSE 100\Lab 6\Lab 6.srcs\sources_1\new\topLevel.v:]
WARNING: [filemgmt 56-199] Attempt to get parsing info during refresh. "On-the-fly" syntax checking information may be incorrect. [C:\Users\brade\OneDrive\Documents\Vivado\CSE 100\Lab 6\Lab 6.srcs\sources_1\new\system_fsm.v:]
WARNING: [filemgmt 56-199] Attempt to get parsing info during refresh. "On-the-fly" syntax checking information may be incorrect. [C:\Users\brade\OneDrive\Documents\Vivado\CSE 100\Lab 6\Lab 6.srcs\sources_1\new\game_visuals.v:]
INFO: [ProjectBase 1-495] The host OS only allows 260 characters in a normal path. The project is stored in a path with more than 80 characters. If you experience any problem with archiving the project, please consider setting environment variable $TEMP to a shorter path.
Current project path is 'C:/Users/brade/OneDrive/Documents/Vivado/CSE 100/Lab 6/.Xil/Vivado-22712-BRAXTON_XL/PrjAr/_X_'.
WARNING: [filemgmt 56-199] Attempt to get parsing info during refresh. "On-the-fly" syntax checking information may be incorrect. [C:\Users\brade\OneDrive\Documents\Vivado\CSE 100\Lab 6\Lab 6.srcs\sources_1\new\topLevel.v:]
WARNING: [filemgmt 56-199] Attempt to get parsing info during refresh. "On-the-fly" syntax checking information may be incorrect. [C:\Users\brade\OneDrive\Documents\Vivado\CSE 100\Lab 6\Lab 6.srcs\sources_1\new\system_fsm.v:]
WARNING: [filemgmt 56-199] Attempt to get parsing info during refresh. "On-the-fly" syntax checking information may be incorrect. [C:\Users\brade\OneDrive\Documents\Vivado\CSE 100\Lab 6\Lab 6.srcs\sources_1\new\game_visuals.v:]
WARNING: [IP_Flow 19-4995] The host OS only allows 260 characters in a normal path. The IP cache path is more than 80 characters. If you experience issues with IP caching, please consider changing the IP cache to a location with a shorter path. Alternately consider using the OS subst command to map part of the path to a drive letter. 
Current IP cache path is C:/Users/brade/OneDrive/Documents/Vivado/CSE 100/Lab 6/.Xil/Vivado-22712-BRAXTON_XL/PrjAr/_X_/Lab 6.cache/ip 
INFO: [Coretcl 2-1213] Including run results for 'synth_1'
INFO: [Coretcl 2-1213] Including run results for 'impl_1'
WARNING: [filemgmt 56-199] Attempt to get parsing info during refresh. "On-the-fly" syntax checking information may be incorrect. [C:\Users\brade\OneDrive\Documents\Vivado\CSE 100\Lab 6\Lab 6.srcs\sources_1\new\topLevel.v:]
WARNING: [filemgmt 56-199] Attempt to get parsing info during refresh. "On-the-fly" syntax checking information may be incorrect. [C:\Users\brade\OneDrive\Documents\Vivado\CSE 100\Lab 6\Lab 6.srcs\sources_1\new\system_fsm.v:]
WARNING: [filemgmt 56-199] Attempt to get parsing info during refresh. "On-the-fly" syntax checking information may be incorrect. [C:\Users\brade\OneDrive\Documents\Vivado\CSE 100\Lab 6\Lab 6.srcs\sources_1\new\game_visuals.v:]
INFO: [Coretcl 2-1212] Importing remotely added design sources and verilog include files (if any)...
INFO: [filemgmt 20-334] All file(s) are already imported in fileset: 'constrs_1'
INFO: [filemgmt 20-348] Importing the appropriate files for fileset: 'constrs_1'
INFO: [filemgmt 20-334] All file(s) are already imported in fileset: 'sim_1'
INFO: [filemgmt 20-348] Importing the appropriate files for fileset: 'sim_1'
INFO: [filemgmt 20-348] Importing the appropriate files for fileset: 'sources_1'
INFO: [filemgmt 20-334] All file(s) are already imported in fileset: 'utils_1'
INFO: [filemgmt 20-348] Importing the appropriate files for fileset: 'utils_1'
INFO: [Coretcl 2-1209] Adding archive summary file to the project...
INFO: [Coretcl 2-1214] Preparing project files for archive...
WARNING: [filemgmt 56-199] Attempt to get parsing info during refresh. "On-the-fly" syntax checking information may be incorrect. [C:\Users\brade\OneDrive\Documents\Vivado\CSE 100\Lab 6\Lab 6.srcs\sources_1\new\topLevel.v:]
WARNING: [filemgmt 56-199] Attempt to get parsing info during refresh. "On-the-fly" syntax checking information may be incorrect. [C:\Users\brade\OneDrive\Documents\Vivado\CSE 100\Lab 6\Lab 6.srcs\sources_1\new\system_fsm.v:]
WARNING: [filemgmt 56-199] Attempt to get parsing info during refresh. "On-the-fly" syntax checking information may be incorrect. [C:\Users\brade\OneDrive\Documents\Vivado\CSE 100\Lab 6\Lab 6.srcs\sources_1\new\game_visuals.v:]
INFO: [Coretcl 2-1210] Compressing project files and data...
WARNING: [filemgmt 56-199] Attempt to get parsing info during refresh. "On-the-fly" syntax checking information may be incorrect. [C:\Users\brade\OneDrive\Documents\Vivado\CSE 100\Lab 6\Lab 6.srcs\sources_1\new\topLevel.v:]
WARNING: [filemgmt 56-199] Attempt to get parsing info during refresh. "On-the-fly" syntax checking information may be incorrect. [C:\Users\brade\OneDrive\Documents\Vivado\CSE 100\Lab 6\Lab 6.srcs\sources_1\new\system_fsm.v:]
WARNING: [filemgmt 56-199] Attempt to get parsing info during refresh. "On-the-fly" syntax checking information may be incorrect. [C:\Users\brade\OneDrive\Documents\Vivado\CSE 100\Lab 6\Lab 6.srcs\sources_1\new\game_visuals.v:]
INFO: [Coretcl 2-1215] Project archived (C:/Users/brade/OneDrive/Documents/Vivado/CSE 100/Lab 6.xpr.zip)
INFO: [Coretcl 2-1216] To view the archive summary log in GUI, double click on 'Design Sources->Text->archive_project_summary.txt', or open this file from the archived project directory.
archive_project: Time (s): cpu = 00:00:46 ; elapsed = 00:00:53 . Memory (MB): peak = 1694.043 ; gain = 0.000
export_ip_user_files -of_objects  [get_files {{C:/Users/brade/OneDrive/Documents/Vivado/CSE 100/Lab 6/Lab 6.srcs/sources_1/imports/CSE 100/Lab 6/archive_project_summary.txt}}] -no_script -reset -force -quiet
remove_files  {{C:/Users/brade/OneDrive/Documents/Vivado/CSE 100/Lab 6/Lab 6.srcs/sources_1/imports/CSE 100/Lab 6/archive_project_summary.txt}}
file delete -force {C:/Users/brade/OneDrive/Documents/Vivado/CSE 100/Lab 6/Lab 6.srcs/sources_1/imports/CSE 100/Lab 6/archive_project_summary.txt}
WARNING: [filemgmt 56-199] Attempt to get parsing info during refresh. "On-the-fly" syntax checking information may be incorrect. [C:\Users\brade\OneDrive\Documents\Vivado\CSE 100\Lab 6\Lab 6.srcs\sources_1\new\topLevel.v:]
WARNING: [filemgmt 56-199] Attempt to get parsing info during refresh. "On-the-fly" syntax checking information may be incorrect. [C:\Users\brade\OneDrive\Documents\Vivado\CSE 100\Lab 6\Lab 6.srcs\sources_1\new\system_fsm.v:]
WARNING: [filemgmt 56-199] Attempt to get parsing info during refresh. "On-the-fly" syntax checking information may be incorrect. [C:\Users\brade\OneDrive\Documents\Vivado\CSE 100\Lab 6\Lab 6.srcs\sources_1\new\game_visuals.v:]
WARNING: [filemgmt 56-199] Attempt to get parsing info during refresh. "On-the-fly" syntax checking information may be incorrect. [C:\Users\brade\OneDrive\Documents\Vivado\CSE 100\Lab 6\Lab 6.srcs\sources_1\new\topLevel.v:]
WARNING: [filemgmt 56-199] Attempt to get parsing info during refresh. "On-the-fly" syntax checking information may be incorrect. [C:\Users\brade\OneDrive\Documents\Vivado\CSE 100\Lab 6\Lab 6.srcs\sources_1\new\system_fsm.v:]
WARNING: [filemgmt 56-199] Attempt to get parsing info during refresh. "On-the-fly" syntax checking information may be incorrect. [C:\Users\brade\OneDrive\Documents\Vivado\CSE 100\Lab 6\Lab 6.srcs\sources_1\new\game_visuals.v:]
export_ip_user_files -of_objects  [get_files {{C:/Users/brade/OneDrive/Documents/Vivado/CSE 100/Lab 6/Lab 6.srcs/sources_1/imports/CSE_100/Lab 6/archive_project_summary.txt}}] -no_script -reset -force -quiet
remove_files  {{C:/Users/brade/OneDrive/Documents/Vivado/CSE 100/Lab 6/Lab 6.srcs/sources_1/imports/CSE_100/Lab 6/archive_project_summary.txt}}
file delete -force {C:/Users/brade/OneDrive/Documents/Vivado/CSE 100/Lab 6/Lab 6.srcs/sources_1/imports/CSE_100/Lab 6/archive_project_summary.txt}
WARNING: [filemgmt 56-199] Attempt to get parsing info during refresh. "On-the-fly" syntax checking information may be incorrect. [C:\Users\brade\OneDrive\Documents\Vivado\CSE 100\Lab 6\Lab 6.srcs\sources_1\new\topLevel.v:]
WARNING: [filemgmt 56-199] Attempt to get parsing info during refresh. "On-the-fly" syntax checking information may be incorrect. [C:\Users\brade\OneDrive\Documents\Vivado\CSE 100\Lab 6\Lab 6.srcs\sources_1\new\system_fsm.v:]
WARNING: [filemgmt 56-199] Attempt to get parsing info during refresh. "On-the-fly" syntax checking information may be incorrect. [C:\Users\brade\OneDrive\Documents\Vivado\CSE 100\Lab 6\Lab 6.srcs\sources_1\new\game_visuals.v:]
WARNING: [filemgmt 56-199] Attempt to get parsing info during refresh. "On-the-fly" syntax checking information may be incorrect. [C:\Users\brade\OneDrive\Documents\Vivado\CSE 100\Lab 6\Lab 6.srcs\sources_1\new\topLevel.v:]
export_ip_user_files -of_objects  [get_files {{C:/Users/brade/OneDrive/Documents/Vivado/CSE 100/Lab 6/archive_project_summary.txt}}] -no_script -reset -force -quiet
remove_files  {{C:/Users/brade/OneDrive/Documents/Vivado/CSE 100/Lab 6/archive_project_summary.txt}}
WARNING: [filemgmt 56-199] Attempt to get parsing info during refresh. "On-the-fly" syntax checking information may be incorrect. [C:\Users\brade\OneDrive\Documents\Vivado\CSE 100\Lab 6\Lab 6.srcs\sources_1\new\topLevel.v:]
WARNING: [filemgmt 56-199] Attempt to get parsing info during refresh. "On-the-fly" syntax checking information may be incorrect. [C:\Users\brade\OneDrive\Documents\Vivado\CSE 100\Lab 6\Lab 6.srcs\sources_1\new\system_fsm.v:]
WARNING: [filemgmt 56-199] Attempt to get parsing info during refresh. "On-the-fly" syntax checking information may be incorrect. [C:\Users\brade\OneDrive\Documents\Vivado\CSE 100\Lab 6\Lab 6.srcs\sources_1\new\game_visuals.v:]
WARNING: [filemgmt 56-199] Attempt to get parsing info during refresh. "On-the-fly" syntax checking information may be incorrect. [C:\Users\brade\OneDrive\Documents\Vivado\CSE 100\Lab 6\Lab 6.srcs\sources_1\new\topLevel.v:]
archive_project {C:/Users/brade/OneDrive/Documents/Vivado/CSE 100/Lab 6.xpr.zip} -temp_dir {C:/Users/brade/OneDrive/Documents/Vivado/CSE 100/Lab 6/.Xil/Vivado-22712-BRAXTON_XL} -force -include_local_ip_cache
INFO: [Coretcl 2-137] starting archive...
INFO: [Coretcl 2-1499] Saving project copy to temporary location 'C:/Users/brade/OneDrive/Documents/Vivado/CSE 100/Lab 6/.Xil/Vivado-22712-BRAXTON_XL' for archiving project
INFO: [filemgmt 56-3] Default IP Output Path : Could not find the directory 'C:/Users/brade/OneDrive/Documents/Vivado/CSE 100/Lab 6/Lab 6.gen/sources_1'.
Scanning sources...
Finished scanning sources
INFO: [Coretcl 2-1211] Creating project copy for archival...
WARNING: [filemgmt 56-199] Attempt to get parsing info during refresh. "On-the-fly" syntax checking information may be incorrect. [C:\Users\brade\OneDrive\Documents\Vivado\CSE 100\Lab 6\Lab 6.srcs\sources_1\new\topLevel.v:]
WARNING: [filemgmt 56-199] Attempt to get parsing info during refresh. "On-the-fly" syntax checking information may be incorrect. [C:\Users\brade\OneDrive\Documents\Vivado\CSE 100\Lab 6\Lab 6.srcs\sources_1\new\system_fsm.v:]
WARNING: [filemgmt 56-199] Attempt to get parsing info during refresh. "On-the-fly" syntax checking information may be incorrect. [C:\Users\brade\OneDrive\Documents\Vivado\CSE 100\Lab 6\Lab 6.srcs\sources_1\new\game_visuals.v:]
WARNING: [filemgmt 56-199] Attempt to get parsing info during refresh. "On-the-fly" syntax checking information may be incorrect. [C:\Users\brade\OneDrive\Documents\Vivado\CSE 100\Lab 6\Lab 6.srcs\sources_1\new\topLevel.v:]
WARNING: [filemgmt 56-199] Attempt to get parsing info during refresh. "On-the-fly" syntax checking information may be incorrect. [C:\Users\brade\OneDrive\Documents\Vivado\CSE 100\Lab 6\Lab 6.srcs\sources_1\new\system_fsm.v:]
WARNING: [filemgmt 56-199] Attempt to get parsing info during refresh. "On-the-fly" syntax checking information may be incorrect. [C:\Users\brade\OneDrive\Documents\Vivado\CSE 100\Lab 6\Lab 6.srcs\sources_1\new\game_visuals.v:]
INFO: [ProjectBase 1-495] The host OS only allows 260 characters in a normal path. The project is stored in a path with more than 80 characters. If you experience any problem with archiving the project, please consider setting environment variable $TEMP to a shorter path.
Current project path is 'C:/Users/brade/OneDrive/Documents/Vivado/CSE 100/Lab 6/.Xil/Vivado-22712-BRAXTON_XL/PrjAr/_X_'.
WARNING: [IP_Flow 19-4995] The host OS only allows 260 characters in a normal path. The IP cache path is more than 80 characters. If you experience issues with IP caching, please consider changing the IP cache to a location with a shorter path. Alternately consider using the OS subst command to map part of the path to a drive letter. 
Current IP cache path is C:/Users/brade/OneDrive/Documents/Vivado/CSE 100/Lab 6/.Xil/Vivado-22712-BRAXTON_XL/PrjAr/_X_/Lab 6.cache/ip 
INFO: [Coretcl 2-1213] Including run results for 'synth_1'
INFO: [Coretcl 2-1213] Including run results for 'impl_1'
WARNING: [filemgmt 56-199] Attempt to get parsing info during refresh. "On-the-fly" syntax checking information may be incorrect. [C:\Users\brade\OneDrive\Documents\Vivado\CSE 100\Lab 6\Lab 6.srcs\sources_1\new\topLevel.v:]
WARNING: [filemgmt 56-199] Attempt to get parsing info during refresh. "On-the-fly" syntax checking information may be incorrect. [C:\Users\brade\OneDrive\Documents\Vivado\CSE 100\Lab 6\Lab 6.srcs\sources_1\new\system_fsm.v:]
WARNING: [filemgmt 56-199] Attempt to get parsing info during refresh. "On-the-fly" syntax checking information may be incorrect. [C:\Users\brade\OneDrive\Documents\Vivado\CSE 100\Lab 6\Lab 6.srcs\sources_1\new\game_visuals.v:]
INFO: [Coretcl 2-1209] Adding archive summary file to the project...
INFO: [Coretcl 2-1214] Preparing project files for archive...
INFO: [Coretcl 2-1210] Compressing project files and data...
WARNING: [filemgmt 56-199] Attempt to get parsing info during refresh. "On-the-fly" syntax checking information may be incorrect. [C:\Users\brade\OneDrive\Documents\Vivado\CSE 100\Lab 6\Lab 6.srcs\sources_1\new\topLevel.v:]
WARNING: [filemgmt 56-199] Attempt to get parsing info during refresh. "On-the-fly" syntax checking information may be incorrect. [C:\Users\brade\OneDrive\Documents\Vivado\CSE 100\Lab 6\Lab 6.srcs\sources_1\new\system_fsm.v:]
WARNING: [filemgmt 56-199] Attempt to get parsing info during refresh. "On-the-fly" syntax checking information may be incorrect. [C:\Users\brade\OneDrive\Documents\Vivado\CSE 100\Lab 6\Lab 6.srcs\sources_1\new\game_visuals.v:]
INFO: [Coretcl 2-1215] Project archived (C:/Users/brade/OneDrive/Documents/Vivado/CSE 100/Lab 6.xpr.zip)
INFO: [Coretcl 2-1216] To view the archive summary log in GUI, double click on 'Design Sources->Text->archive_project_summary.txt', or open this file from the archived project directory.
WARNING: [filemgmt 56-199] Attempt to get parsing info during refresh. "On-the-fly" syntax checking information may be incorrect. [C:\Users\brade\OneDrive\Documents\Vivado\CSE 100\Lab 6\Lab 6.srcs\sources_1\new\topLevel.v:]
WARNING: [filemgmt 56-199] Attempt to get parsing info during refresh. "On-the-fly" syntax checking information may be incorrect. [C:\Users\brade\OneDrive\Documents\Vivado\CSE 100\Lab 6\Lab 6.srcs\sources_1\new\system_fsm.v:]
WARNING: [filemgmt 56-199] Attempt to get parsing info during refresh. "On-the-fly" syntax checking information may be incorrect. [C:\Users\brade\OneDrive\Documents\Vivado\CSE 100\Lab 6\Lab 6.srcs\sources_1\new\game_visuals.v:]
exit
INFO: [Common 17-206] Exiting Vivado at Sun Nov 30 22:00:30 2025...
